[ 2016-02-11T17:30:19+08:00 ] 127.0.0.1 /bolg/server/public/wyj/index.php/User/index
INFO: [ route_check ] --START--
INFO: Run CheckRoute Behavior [ RunTime:0.015600s ]
INFO: [ route_check ] --END-- [ RunTime:0.109200s ]
INFO: [ app_begin ] --START--
INFO: Run ReadHtmlCache Behavior [ RunTime:0.031200s ]
INFO: [ app_begin ] --END-- [ RunTime:0.031200s ]

[ 2016-02-11T17:30:37+08:00 ] 127.0.0.1 /bolg/server/public/wyj/index.php/User/login
INFO: [ route_check ] --START--
INFO: Run CheckRoute Behavior [ RunTime:0.000000s ]
INFO: [ route_check ] --END-- [ RunTime:0.000000s ]
INFO: [ app_begin ] --START--
INFO: Run ReadHtmlCache Behavior [ RunTime:0.000000s ]
INFO: [ app_begin ] --END-- [ RunTime:0.000000s ]
NOTIC: [2048] Declaration of UserModel::add() should be compatible with Model::add($data = '', $options = Array, $replace = false) D:\wamp\www\bolg\server\public\wyj\Lib\Model\UserModel.class.php 第 2 行.
SQL: SHOW COLUMNS FROM `user` [ RunTime:0.062401s ]
SQL: SHOW COLUMNS FROM `user` [ RunTime:0.015600s ]
SQL: SELECT `id` FROM `user` WHERE ( `name` = '麦晓杰' ) AND ( `pwd` = '111111' )  [ RunTime:0.015600s ]
SQL: SELECT `id` FROM `user` WHERE ( `weihao` = '麦晓杰' ) AND ( `pwd` = '111111' )  [ RunTime:0.000000s ]

[ 2016-02-11T17:30:38+08:00 ] 127.0.0.1 /bolg/server/public/wyj/index.php/User/index
INFO: [ route_check ] --START--
INFO: Run CheckRoute Behavior [ RunTime:0.000000s ]
INFO: [ route_check ] --END-- [ RunTime:0.000000s ]
INFO: [ app_begin ] --START--
INFO: Run ReadHtmlCache Behavior [ RunTime:0.000000s ]
INFO: [ app_begin ] --END-- [ RunTime:0.000000s ]
NOTIC: [2048] Declaration of UserModel::add() should be compatible with Model::add($data = '', $options = Array, $replace = false) D:\wamp\www\bolg\server\public\wyj\Lib\Model\UserModel.class.php 第 2 行.
SQL: SHOW COLUMNS FROM `user` [ RunTime:0.000000s ]
SQL: SHOW COLUMNS FROM `user` [ RunTime:0.000000s ]
SQL: SELECT `id`,`icon`,`weihao`,`name`,`count`,`scan`,`tags`,`time` FROM `user` WHERE ( id=3 )  [ RunTime:0.000000s ]
SQL: SHOW COLUMNS FROM `friend` [ RunTime:0.062400s ]
SQL: SELECT COUNT(*) AS tp_count FROM `friend` WHERE ( bgz_id=3 ) LIMIT 1   [ RunTime:0.000000s ]
SQL: SELECT COUNT(*) AS tp_count FROM `friend` WHERE ( gz_id=3 ) LIMIT 1   [ RunTime:0.000000s ]
SQL: SHOW COLUMNS FROM `reply` [ RunTime:0.015600s ]
SQL: SELECT COUNT(*) AS tp_count FROM `reply` WHERE ( `b_id` = 3 ) AND ( `type` = 1 ) LIMIT 1   [ RunTime:0.000000s ]
SQL: SHOW COLUMNS FROM `relative` [ RunTime:0.046800s ]
SQL: SELECT COUNT(*) AS tp_count FROM `relative` WHERE ( `xgr_id` = 3 ) AND ( `read` = 0 ) LIMIT 1   [ RunTime:0.000000s ]

[ 2016-02-11T17:30:41+08:00 ] 127.0.0.1 /bolg/server/public/wyj/index.php/User/getOneUser
INFO: [ route_check ] --START--
INFO: Run CheckRoute Behavior [ RunTime:0.000000s ]
INFO: [ route_check ] --END-- [ RunTime:0.000000s ]
INFO: [ app_begin ] --START--
INFO: Run ReadHtmlCache Behavior [ RunTime:0.000000s ]
INFO: [ app_begin ] --END-- [ RunTime:0.000000s ]
NOTIC: [2048] Declaration of UserModel::add() should be compatible with Model::add($data = '', $options = Array, $replace = false) D:\wamp\www\bolg\server\public\wyj\Lib\Model\UserModel.class.php 第 2 行.
SQL: SHOW COLUMNS FROM `user` [ RunTime:0.015600s ]
SQL: SHOW COLUMNS FROM `user` [ RunTime:0.000000s ]
SQL: SELECT `id`,`icon`,`weihao`,`name`,`count`,`scan`,`tags`,`time` FROM `user` WHERE ( id=3 )  [ RunTime:0.000000s ]

[ 2016-02-11T17:39:28+08:00 ] 127.0.0.1 /bolg/server/public/wyj/
INFO: [ app_begin ] --START--
INFO: Run ReadHtmlCache Behavior [ RunTime:0.001000s ]
INFO: [ app_begin ] --END-- [ RunTime:0.001000s ]
INFO: [ view_parse ] --START--
INFO: Run ParseTemplate Behavior [ RunTime:0.014001s ]
INFO: [ view_parse ] --END-- [ RunTime:0.014001s ]
INFO: [ view_filter ] --START--
INFO: Run ContentReplace Behavior [ RunTime:0.013001s ]
INFO: Run TokenBuild Behavior [ RunTime:0.001000s ]
INFO: Run WriteHtmlCache Behavior [ RunTime:0.001000s ]
INFO: Run ShowRuntime Behavior [ RunTime:0.001000s ]
INFO: [ view_filter ] --END-- [ RunTime:0.016001s ]
INFO: [ view_end ] --START--
INFO: Run ShowPageTrace Behavior [ RunTime:0.001000s ]
INFO: [ view_end ] --END-- [ RunTime:0.002000s ]

[ 2016-02-11T17:39:37+08:00 ] 127.0.0.1 /bolg/server/public/wyj/index.php/User/getLeavewordList
INFO: [ route_check ] --START--
INFO: Run CheckRoute Behavior [ RunTime:0.000000s ]
INFO: [ route_check ] --END-- [ RunTime:0.001000s ]
INFO: [ app_begin ] --START--
INFO: Run ReadHtmlCache Behavior [ RunTime:0.000000s ]
INFO: [ app_begin ] --END-- [ RunTime:0.001000s ]
ERR: 非法操作:getLeavewordList

[ 2016-02-11T17:39:49+08:00 ] 127.0.0.1 /bolg/server/public/wyj/index.php/Blog/getLeavewordList
INFO: [ route_check ] --START--
INFO: Run CheckRoute Behavior [ RunTime:0.001000s ]
INFO: [ route_check ] --END-- [ RunTime:0.001000s ]
INFO: [ app_begin ] --START--
INFO: Run ReadHtmlCache Behavior [ RunTime:0.001000s ]
INFO: [ app_begin ] --END-- [ RunTime:0.001000s ]
SQL: SHOW COLUMNS FROM `blog` [ RunTime:0.002000s ]
SQL: SHOW COLUMNS FROM `reply` [ RunTime:0.001000s ]
SQL: SELECT * FROM `reply` WHERE ( `b_id` = 1 ) AND ( `type` = 1 ) LIMIT 0,3   [ RunTime:0.001000s ]

[ 2016-02-11T17:41:19+08:00 ] 127.0.0.1 /bolg/server/public/wyj/index.php/Blog/getLeavewordList
INFO: [ route_check ] --START--
INFO: Run CheckRoute Behavior [ RunTime:0.000000s ]
INFO: [ route_check ] --END-- [ RunTime:0.000000s ]
INFO: [ app_begin ] --START--
INFO: Run ReadHtmlCache Behavior [ RunTime:0.000000s ]
INFO: [ app_begin ] --END-- [ RunTime:0.000000s ]
SQL: SHOW COLUMNS FROM `blog` [ RunTime:0.000000s ]
SQL: SHOW COLUMNS FROM `reply` [ RunTime:0.000000s ]
SQL: SELECT `author`,`content`,`time` FROM `reply` WHERE ( `b_id` = 1 ) AND ( `type` = 1 ) LIMIT 0,3   [ RunTime:0.000000s ]

[ 2016-02-11T17:41:26+08:00 ] 127.0.0.1 /bolg/server/public/wyj/index.php/Blog/getLeavewordList
INFO: [ route_check ] --START--
INFO: Run CheckRoute Behavior [ RunTime:0.000000s ]
INFO: [ route_check ] --END-- [ RunTime:0.000000s ]
INFO: [ app_begin ] --START--
INFO: Run ReadHtmlCache Behavior [ RunTime:0.000000s ]
INFO: [ app_begin ] --END-- [ RunTime:0.000000s ]
SQL: SHOW COLUMNS FROM `blog` [ RunTime:0.000000s ]
SQL: SHOW COLUMNS FROM `reply` [ RunTime:0.000000s ]
SQL: SELECT `author`,`content`,`time` FROM `reply` WHERE ( `b_id` = 1 ) AND ( `type` = 1 ) LIMIT 0,3   [ RunTime:0.000000s ]

[ 2016-02-11T17:42:00+08:00 ] 127.0.0.1 /bolg/server/public/wyj/index.php/Blog/getLeavewordList
INFO: [ route_check ] --START--
INFO: Run CheckRoute Behavior [ RunTime:0.000000s ]
INFO: [ route_check ] --END-- [ RunTime:0.000000s ]
INFO: [ app_begin ] --START--
INFO: Run ReadHtmlCache Behavior [ RunTime:0.000000s ]
INFO: [ app_begin ] --END-- [ RunTime:0.000000s ]
SQL: SHOW COLUMNS FROM `blog` [ RunTime:0.000000s ]
SQL: SHOW COLUMNS FROM `reply` [ RunTime:0.000000s ]
SQL: SELECT `author`,`content`,`time` FROM `reply` WHERE ( `b_id` = 3 ) AND ( `type` = 1 ) LIMIT 0,3   [ RunTime:0.000000s ]

[ 2016-02-11T17:46:48+08:00 ] 127.0.0.1 /bolg/server/public/wyj/index.php/Blog/getLeavewordList
INFO: [ route_check ] --START--
INFO: Run CheckRoute Behavior [ RunTime:0.000000s ]
INFO: [ route_check ] --END-- [ RunTime:0.000000s ]
INFO: [ app_begin ] --START--
INFO: Run ReadHtmlCache Behavior [ RunTime:0.000000s ]
INFO: [ app_begin ] --END-- [ RunTime:0.000000s ]
SQL: SHOW COLUMNS FROM `blog` [ RunTime:0.000000s ]
SQL: SHOW COLUMNS FROM `reply` [ RunTime:0.000000s ]
SQL: SELECT `author`,`content`,`time` FROM `reply` WHERE ( `b_id` = 3 ) AND ( `type` = 1 ) LIMIT 0,3   [ RunTime:0.000000s ]

