[ 2016-03-06T14:00:29+08:00 ] 127.0.0.1 /bolg/server/public/wyj/index.php/User/index
INFO: [ route_check ] --START--
INFO: Run CheckRoute Behavior [ RunTime:0.020001s ]
INFO: [ route_check ] --END-- [ RunTime:0.079004s ]
INFO: [ app_begin ] --START--
INFO: Run ReadHtmlCache Behavior [ RunTime:0.046002s ]
INFO: [ app_begin ] --END-- [ RunTime:0.047002s ]

[ 2016-03-06T14:00:29+08:00 ] 127.0.0.1 /bolg/server/public/wyj/index.php/Blog/getHotLists
INFO: [ route_check ] --START--
INFO: Run CheckRoute Behavior [ RunTime:0.018001s ]
INFO: [ route_check ] --END-- [ RunTime:0.077004s ]
INFO: [ app_begin ] --START--
INFO: Run ReadHtmlCache Behavior [ RunTime:0.046002s ]
INFO: [ app_begin ] --END-- [ RunTime:0.047002s ]
SQL: SHOW COLUMNS FROM `blog` [ RunTime:0.388022s ]
SQL: SHOW COLUMNS FROM `blog` [ RunTime:0.004001s ]
SQL: SELECT * FROM `blog` WHERE ( `time` >= '2016-03-06 02:00:29' ) ORDER BY scan desc LIMIT 0,3   [ RunTime:0.048002s ]

[ 2016-03-06T14:00:30+08:00 ] 127.0.0.1 /bolg/server/public/wyj/index.php/User/login
INFO: [ route_check ] --START--
INFO: Run CheckRoute Behavior [ RunTime:0.001000s ]
INFO: [ route_check ] --END-- [ RunTime:0.002000s ]
INFO: [ app_begin ] --START--
INFO: Run ReadHtmlCache Behavior [ RunTime:0.002000s ]
INFO: [ app_begin ] --END-- [ RunTime:0.002000s ]
NOTIC: [2048] Declaration of UserModel::add() should be compatible with Model::add($data = '', $options = Array, $replace = false) D:\wamp\www\bolg\server\public\wyj\Lib\Model\UserModel.class.php 第 2 行.
SQL: SHOW COLUMNS FROM `user` [ RunTime:0.033002s ]
SQL: SHOW COLUMNS FROM `user` [ RunTime:0.004000s ]
SQL: SELECT `id` FROM `user` WHERE ( `name` = 'root' ) AND ( `pwd` = 'cust_webexam' )  [ RunTime:0.001000s ]
SQL: SELECT `id` FROM `user` WHERE ( `weihao` = 'root' ) AND ( `pwd` = 'cust_webexam' )  [ RunTime:0.000000s ]

[ 2016-03-06T14:00:42+08:00 ] 127.0.0.1 /bolg/server/public/wyj/index.php/User/login
INFO: [ route_check ] --START--
INFO: Run CheckRoute Behavior [ RunTime:0.001000s ]
INFO: [ route_check ] --END-- [ RunTime:0.001000s ]
INFO: [ app_begin ] --START--
INFO: Run ReadHtmlCache Behavior [ RunTime:0.001000s ]
INFO: [ app_begin ] --END-- [ RunTime:0.001000s ]
NOTIC: [2048] Declaration of UserModel::add() should be compatible with Model::add($data = '', $options = Array, $replace = false) D:\wamp\www\bolg\server\public\wyj\Lib\Model\UserModel.class.php 第 2 行.
SQL: SHOW COLUMNS FROM `user` [ RunTime:0.002000s ]
SQL: SHOW COLUMNS FROM `user` [ RunTime:0.002001s ]
SQL: SELECT `id` FROM `user` WHERE ( `name` = '950616' ) AND ( `pwd` = '950616' )  [ RunTime:0.001000s ]
SQL: SELECT `id` FROM `user` WHERE ( `weihao` = '950616' ) AND ( `pwd` = '950616' )  [ RunTime:0.000000s ]

[ 2016-03-06T14:00:42+08:00 ] 127.0.0.1 /bolg/server/public/wyj/index.php/User/index
INFO: [ route_check ] --START--
INFO: Run CheckRoute Behavior [ RunTime:0.001000s ]
INFO: [ route_check ] --END-- [ RunTime:0.001000s ]
INFO: [ app_begin ] --START--
INFO: Run ReadHtmlCache Behavior [ RunTime:0.001001s ]
INFO: [ app_begin ] --END-- [ RunTime:0.001001s ]
NOTIC: [2048] Declaration of UserModel::add() should be compatible with Model::add($data = '', $options = Array, $replace = false) D:\wamp\www\bolg\server\public\wyj\Lib\Model\UserModel.class.php 第 2 行.
SQL: SHOW COLUMNS FROM `user` [ RunTime:0.004000s ]
SQL: SHOW COLUMNS FROM `user` [ RunTime:0.002000s ]
SQL: SELECT `id`,`icon`,`weihao`,`name`,`count`,`scan`,`tags`,`time` FROM `user` WHERE ( id=1 )  [ RunTime:0.000000s ]
SQL: SHOW COLUMNS FROM `friend` [ RunTime:0.090005s ]
SQL: SELECT COUNT(*) AS tp_count FROM `friend` WHERE ( bgz_id=1 ) LIMIT 1   [ RunTime:0.034002s ]
SQL: SELECT COUNT(*) AS tp_count FROM `friend` WHERE ( gz_id=1 ) LIMIT 1   [ RunTime:0.000000s ]
SQL: SHOW COLUMNS FROM `reply` [ RunTime:0.025002s ]
SQL: SELECT COUNT(*) AS tp_count FROM `reply` WHERE ( `b_id` = 1 ) AND ( `type` = 1 ) LIMIT 1   [ RunTime:0.032002s ]
SQL: SHOW COLUMNS FROM `relative` [ RunTime:0.067004s ]
SQL: SELECT COUNT(*) AS tp_count FROM `relative` WHERE ( `xgr_id` = 1 ) AND ( `read` = 0 ) LIMIT 1   [ RunTime:0.000000s ]

[ 2016-03-06T14:00:42+08:00 ] 127.0.0.1 /bolg/server/public/wyj/index.php/Blog/getHotLists
INFO: [ route_check ] --START--
INFO: Run CheckRoute Behavior [ RunTime:0.001000s ]
INFO: [ route_check ] --END-- [ RunTime:0.002000s ]
INFO: [ app_begin ] --START--
INFO: Run ReadHtmlCache Behavior [ RunTime:0.000000s ]
INFO: [ app_begin ] --END-- [ RunTime:0.000000s ]
SQL: SHOW COLUMNS FROM `blog` [ RunTime:0.005000s ]
SQL: SHOW COLUMNS FROM `blog` [ RunTime:0.004000s ]
SQL: SELECT * FROM `blog` WHERE ( `time` >= '2016-03-06 02:00:42' ) ORDER BY scan desc LIMIT 0,3   [ RunTime:0.000000s ]

[ 2016-03-06T14:00:46+08:00 ] 127.0.0.1 /bolg/server/public/wyj/index.php/User/getOneUser
INFO: [ route_check ] --START--
INFO: Run CheckRoute Behavior [ RunTime:0.001001s ]
INFO: [ route_check ] --END-- [ RunTime:0.001001s ]
INFO: [ app_begin ] --START--
INFO: Run ReadHtmlCache Behavior [ RunTime:0.000000s ]
INFO: [ app_begin ] --END-- [ RunTime:0.001000s ]
NOTIC: [2048] Declaration of UserModel::add() should be compatible with Model::add($data = '', $options = Array, $replace = false) D:\wamp\www\bolg\server\public\wyj\Lib\Model\UserModel.class.php 第 2 行.
SQL: SHOW COLUMNS FROM `user` [ RunTime:0.002000s ]
SQL: SHOW COLUMNS FROM `user` [ RunTime:0.002001s ]
SQL: SELECT `id`,`icon`,`weihao`,`name`,`count`,`scan`,`tags`,`time` FROM `user` WHERE ( id=1 )  [ RunTime:0.000000s ]

[ 2016-03-06T14:00:49+08:00 ] 127.0.0.1 /bolg/server/public/wyj/index.php/Blog/getLeavewordList
INFO: [ route_check ] --START--
INFO: Run CheckRoute Behavior [ RunTime:0.000000s ]
INFO: [ route_check ] --END-- [ RunTime:0.001000s ]
INFO: [ app_begin ] --START--
INFO: Run ReadHtmlCache Behavior [ RunTime:0.001000s ]
INFO: [ app_begin ] --END-- [ RunTime:0.001000s ]
SQL: SHOW COLUMNS FROM `blog` [ RunTime:0.001000s ]
SQL: SHOW COLUMNS FROM `reply` [ RunTime:0.001000s ]
SQL: SELECT `author`,`content`,`time` FROM `reply` WHERE ( `b_id` = 1 ) AND ( `type` = 1 ) ORDER BY time desc LIMIT 0,6   [ RunTime:0.001000s ]
NOTIC: [2048] Declaration of UserModel::add() should be compatible with Model::add($data = '', $options = Array, $replace = false) D:\wamp\www\bolg\server\public\wyj\Lib\Model\UserModel.class.php 第 100 行.
SQL: SHOW COLUMNS FROM `user` [ RunTime:0.002001s ]
SQL: SHOW COLUMNS FROM `user` [ RunTime:0.002000s ]
SQL: SELECT `id`,`icon`,`weihao`,`name`,`count`,`scan`,`tags`,`time` FROM `user` WHERE ( id=3 )  [ RunTime:0.000000s ]
SQL: SELECT `id`,`icon`,`weihao`,`name`,`count`,`scan`,`tags`,`time` FROM `user` WHERE ( id=3 )  [ RunTime:0.000000s ]
SQL: SELECT `id`,`icon`,`weihao`,`name`,`count`,`scan`,`tags`,`time` FROM `user` WHERE ( id=3 )  [ RunTime:0.000000s ]
SQL: SELECT `id`,`icon`,`weihao`,`name`,`count`,`scan`,`tags`,`time` FROM `user` WHERE ( id=3 )  [ RunTime:0.001000s ]
SQL: SELECT `id`,`icon`,`weihao`,`name`,`count`,`scan`,`tags`,`time` FROM `user` WHERE ( id=3 )  [ RunTime:0.000000s ]
SQL: SELECT `id`,`icon`,`weihao`,`name`,`count`,`scan`,`tags`,`time` FROM `user` WHERE ( id=3 )  [ RunTime:0.000000s ]

[ 2016-03-06T14:00:49+08:00 ] 127.0.0.1 /bolg/server/public/wyj/index.php/User/getOneUser
INFO: [ route_check ] --START--
INFO: Run CheckRoute Behavior [ RunTime:0.001000s ]
INFO: [ route_check ] --END-- [ RunTime:0.001000s ]
INFO: [ app_begin ] --START--
INFO: Run ReadHtmlCache Behavior [ RunTime:0.001000s ]
INFO: [ app_begin ] --END-- [ RunTime:0.002000s ]
NOTIC: [2048] Declaration of UserModel::add() should be compatible with Model::add($data = '', $options = Array, $replace = false) D:\wamp\www\bolg\server\public\wyj\Lib\Model\UserModel.class.php 第 2 行.
SQL: SHOW COLUMNS FROM `user` [ RunTime:0.002000s ]
SQL: SHOW COLUMNS FROM `user` [ RunTime:0.003000s ]
SQL: SELECT `id`,`icon`,`weihao`,`name`,`count`,`scan`,`tags`,`time` FROM `user` WHERE ( id=1 )  [ RunTime:0.000000s ]

[ 2016-03-06T14:00:50+08:00 ] 127.0.0.1 /bolg/server/public/wyj/index.php/Blog/getLeavewordList
INFO: [ route_check ] --START--
INFO: Run CheckRoute Behavior [ RunTime:0.002000s ]
INFO: [ route_check ] --END-- [ RunTime:0.002000s ]
INFO: [ app_begin ] --START--
INFO: Run ReadHtmlCache Behavior [ RunTime:0.001000s ]
INFO: [ app_begin ] --END-- [ RunTime:0.001000s ]
SQL: SHOW COLUMNS FROM `blog` [ RunTime:0.003000s ]
SQL: SHOW COLUMNS FROM `reply` [ RunTime:0.002000s ]
SQL: SELECT `author`,`content`,`time` FROM `reply` WHERE ( `b_id` = 1 ) AND ( `type` = 1 ) ORDER BY time desc LIMIT 6,6   [ RunTime:0.001000s ]
NOTIC: [2048] Declaration of UserModel::add() should be compatible with Model::add($data = '', $options = Array, $replace = false) D:\wamp\www\bolg\server\public\wyj\Lib\Model\UserModel.class.php 第 100 行.
SQL: SHOW COLUMNS FROM `user` [ RunTime:0.003000s ]
SQL: SHOW COLUMNS FROM `user` [ RunTime:0.003000s ]
SQL: SELECT `id`,`icon`,`weihao`,`name`,`count`,`scan`,`tags`,`time` FROM `user` WHERE ( id=3 )  [ RunTime:0.001000s ]
SQL: SELECT `id`,`icon`,`weihao`,`name`,`count`,`scan`,`tags`,`time` FROM `user` WHERE ( id=3 )  [ RunTime:0.000000s ]
SQL: SELECT `id`,`icon`,`weihao`,`name`,`count`,`scan`,`tags`,`time` FROM `user` WHERE ( id=3 )  [ RunTime:0.000000s ]
SQL: SELECT `id`,`icon`,`weihao`,`name`,`count`,`scan`,`tags`,`time` FROM `user` WHERE ( id=3 )  [ RunTime:0.001000s ]
SQL: SELECT `id`,`icon`,`weihao`,`name`,`count`,`scan`,`tags`,`time` FROM `user` WHERE ( id=1 )  [ RunTime:0.001000s ]
SQL: SELECT `id`,`icon`,`weihao`,`name`,`count`,`scan`,`tags`,`time` FROM `user` WHERE ( id=1 )  [ RunTime:0.000000s ]

[ 2016-03-06T14:00:52+08:00 ] 127.0.0.1 /bolg/server/public/wyj/index.php/Blog/getLeavewordList
INFO: [ route_check ] --START--
INFO: Run CheckRoute Behavior [ RunTime:0.002000s ]
INFO: [ route_check ] --END-- [ RunTime:0.003000s ]
INFO: [ app_begin ] --START--
INFO: Run ReadHtmlCache Behavior [ RunTime:0.002000s ]
INFO: [ app_begin ] --END-- [ RunTime:0.002000s ]
SQL: SHOW COLUMNS FROM `blog` [ RunTime:0.002000s ]
SQL: SHOW COLUMNS FROM `reply` [ RunTime:0.002000s ]
SQL: SELECT `author`,`content`,`time` FROM `reply` WHERE ( `b_id` = 1 ) AND ( `type` = 1 ) ORDER BY time desc LIMIT 12,6   [ RunTime:0.000000s ]
NOTIC: [2048] Declaration of UserModel::add() should be compatible with Model::add($data = '', $options = Array, $replace = false) D:\wamp\www\bolg\server\public\wyj\Lib\Model\UserModel.class.php 第 100 行.
SQL: SHOW COLUMNS FROM `user` [ RunTime:0.002000s ]
SQL: SHOW COLUMNS FROM `user` [ RunTime:0.001000s ]
SQL: SELECT `id`,`icon`,`weihao`,`name`,`count`,`scan`,`tags`,`time` FROM `user` WHERE ( id=1 )  [ RunTime:0.000000s ]
SQL: SELECT `id`,`icon`,`weihao`,`name`,`count`,`scan`,`tags`,`time` FROM `user` WHERE ( id=2 )  [ RunTime:0.000000s ]

[ 2016-03-06T14:00:56+08:00 ] 127.0.0.1 /bolg/server/public/wyj/index.php/User/getMyFansLists
INFO: [ route_check ] --START--
INFO: Run CheckRoute Behavior [ RunTime:0.001000s ]
INFO: [ route_check ] --END-- [ RunTime:0.002000s ]
INFO: [ app_begin ] --START--
INFO: Run ReadHtmlCache Behavior [ RunTime:0.000000s ]
INFO: [ app_begin ] --END-- [ RunTime:0.001000s ]
NOTIC: [2048] Declaration of UserModel::add() should be compatible with Model::add($data = '', $options = Array, $replace = false) D:\wamp\www\bolg\server\public\wyj\Lib\Model\UserModel.class.php 第 2 行.
SQL: SHOW COLUMNS FROM `user` [ RunTime:0.002000s ]
SQL: SELECT id,name,icon,count,tags FROM `user` WHERE  id IN (SELECT gz_id FROM `friend` WHERE bgz_id =1) [ RunTime:0.000000s ]

[ 2016-03-06T14:00:58+08:00 ] 127.0.0.1 /bolg/server/public/wyj/index.php/User/updateScan
INFO: [ route_check ] --START--
INFO: Run CheckRoute Behavior [ RunTime:0.002000s ]
INFO: [ route_check ] --END-- [ RunTime:0.002000s ]
INFO: [ app_begin ] --START--
INFO: Run ReadHtmlCache Behavior [ RunTime:0.002000s ]
INFO: [ app_begin ] --END-- [ RunTime:0.002000s ]
NOTIC: [2048] Declaration of UserModel::add() should be compatible with Model::add($data = '', $options = Array, $replace = false) D:\wamp\www\bolg\server\public\wyj\Lib\Model\UserModel.class.php 第 2 行.
SQL: SHOW COLUMNS FROM `user` [ RunTime:0.003000s ]
SQL: SHOW COLUMNS FROM `user` [ RunTime:0.003000s ]
SQL: UPDATE `user` SET `scan`=scan+1 WHERE ( `id` = 3 ) [ RunTime:0.044002s ]

[ 2016-03-06T14:00:58+08:00 ] 127.0.0.1 /bolg/server/public/wyj/index.php/User/index
INFO: [ route_check ] --START--
INFO: Run CheckRoute Behavior [ RunTime:0.000000s ]
INFO: [ route_check ] --END-- [ RunTime:0.001000s ]
INFO: [ app_begin ] --START--
INFO: Run ReadHtmlCache Behavior [ RunTime:0.007000s ]
INFO: [ app_begin ] --END-- [ RunTime:0.007000s ]
NOTIC: [2048] Declaration of UserModel::add() should be compatible with Model::add($data = '', $options = Array, $replace = false) D:\wamp\www\bolg\server\public\wyj\Lib\Model\UserModel.class.php 第 2 行.
SQL: SHOW COLUMNS FROM `user` [ RunTime:0.002000s ]
SQL: SHOW COLUMNS FROM `user` [ RunTime:0.001000s ]
SQL: SELECT `id`,`icon`,`weihao`,`name`,`count`,`scan`,`tags`,`time` FROM `user` WHERE ( id=3 )  [ RunTime:0.000000s ]
SQL: SHOW COLUMNS FROM `friend` [ RunTime:0.001000s ]
SQL: SELECT COUNT(*) AS tp_count FROM `friend` WHERE ( bgz_id=3 ) LIMIT 1   [ RunTime:0.000000s ]
SQL: SELECT COUNT(*) AS tp_count FROM `friend` WHERE ( gz_id=3 ) LIMIT 1   [ RunTime:0.000000s ]
SQL: SHOW COLUMNS FROM `reply` [ RunTime:0.002001s ]
SQL: SELECT COUNT(*) AS tp_count FROM `reply` WHERE ( `b_id` = 3 ) AND ( `type` = 1 ) LIMIT 1   [ RunTime:0.000000s ]
SQL: SHOW COLUMNS FROM `relative` [ RunTime:0.002000s ]
SQL: SELECT COUNT(*) AS tp_count FROM `relative` WHERE ( `xgr_id` = 3 ) AND ( `read` = 0 ) LIMIT 1   [ RunTime:0.000000s ]

[ 2016-03-06T14:00:58+08:00 ] 127.0.0.1 /bolg/server/public/wyj/index.php/User/isGz
INFO: [ route_check ] --START--
INFO: Run CheckRoute Behavior [ RunTime:0.001000s ]
INFO: [ route_check ] --END-- [ RunTime:0.001000s ]
INFO: [ app_begin ] --START--
INFO: Run ReadHtmlCache Behavior [ RunTime:0.001000s ]
INFO: [ app_begin ] --END-- [ RunTime:0.001000s ]
NOTIC: [2048] Declaration of UserModel::add() should be compatible with Model::add($data = '', $options = Array, $replace = false) D:\wamp\www\bolg\server\public\wyj\Lib\Model\UserModel.class.php 第 2 行.
SQL: SHOW COLUMNS FROM `user` [ RunTime:0.001000s ]
SQL: SHOW COLUMNS FROM `friend` [ RunTime:0.001000s ]
SQL: SELECT * FROM `friend` WHERE ( `gz_id` = 1 ) AND ( `bgz_id` = 3 )  [ RunTime:0.000000s ]

[ 2016-03-06T14:00:59+08:00 ] 127.0.0.1 /bolg/server/public/wyj/index.php/User/deleteFriend
INFO: [ route_check ] --START--
INFO: Run CheckRoute Behavior [ RunTime:0.002000s ]
INFO: [ route_check ] --END-- [ RunTime:0.002000s ]
INFO: [ app_begin ] --START--
INFO: Run ReadHtmlCache Behavior [ RunTime:0.001000s ]
INFO: [ app_begin ] --END-- [ RunTime:0.001000s ]
NOTIC: [2048] Declaration of UserModel::add() should be compatible with Model::add($data = '', $options = Array, $replace = false) D:\wamp\www\bolg\server\public\wyj\Lib\Model\UserModel.class.php 第 2 行.
SQL: SHOW COLUMNS FROM `user` [ RunTime:0.002000s ]
SQL: SHOW COLUMNS FROM `user` [ RunTime:0.002000s ]
SQL: UPDATE `user` SET `count`=count+-3 WHERE ( `id` = 1 ) [ RunTime:0.002000s ]
SQL: SHOW COLUMNS FROM `friend` [ RunTime:0.002000s ]
SQL: DELETE FROM `friend` WHERE ( `gz_id` = 1 ) AND ( `bgz_id` = 3 ) [ RunTime:0.002000s ]

[ 2016-03-06T14:00:59+08:00 ] 127.0.0.1 /bolg/server/public/wyj/index.php/User/index
INFO: [ route_check ] --START--
INFO: Run CheckRoute Behavior [ RunTime:0.002001s ]
INFO: [ route_check ] --END-- [ RunTime:0.004001s ]
INFO: [ app_begin ] --START--
INFO: Run ReadHtmlCache Behavior [ RunTime:0.001000s ]
INFO: [ app_begin ] --END-- [ RunTime:0.001000s ]
NOTIC: [2048] Declaration of UserModel::add() should be compatible with Model::add($data = '', $options = Array, $replace = false) D:\wamp\www\bolg\server\public\wyj\Lib\Model\UserModel.class.php 第 2 行.
SQL: SHOW COLUMNS FROM `user` [ RunTime:0.002000s ]
SQL: SHOW COLUMNS FROM `user` [ RunTime:0.001000s ]
SQL: SELECT `id`,`icon`,`weihao`,`name`,`count`,`scan`,`tags`,`time` FROM `user` WHERE ( id=3 )  [ RunTime:0.001000s ]
SQL: SHOW COLUMNS FROM `friend` [ RunTime:0.002000s ]
SQL: SELECT COUNT(*) AS tp_count FROM `friend` WHERE ( bgz_id=3 ) LIMIT 1   [ RunTime:0.001000s ]
SQL: SELECT COUNT(*) AS tp_count FROM `friend` WHERE ( gz_id=3 ) LIMIT 1   [ RunTime:0.001000s ]
SQL: SHOW COLUMNS FROM `reply` [ RunTime:0.003001s ]
SQL: SELECT COUNT(*) AS tp_count FROM `reply` WHERE ( `b_id` = 3 ) AND ( `type` = 1 ) LIMIT 1   [ RunTime:0.000000s ]
SQL: SHOW COLUMNS FROM `relative` [ RunTime:0.002000s ]
SQL: SELECT COUNT(*) AS tp_count FROM `relative` WHERE ( `xgr_id` = 3 ) AND ( `read` = 0 ) LIMIT 1   [ RunTime:0.000000s ]

[ 2016-03-06T14:00:59+08:00 ] 127.0.0.1 /bolg/server/public/wyj/index.php/User/updateScan
INFO: [ route_check ] --START--
INFO: Run CheckRoute Behavior [ RunTime:0.009000s ]
INFO: [ route_check ] --END-- [ RunTime:0.009000s ]
INFO: [ app_begin ] --START--
INFO: Run ReadHtmlCache Behavior [ RunTime:0.001000s ]
INFO: [ app_begin ] --END-- [ RunTime:0.002000s ]
NOTIC: [2048] Declaration of UserModel::add() should be compatible with Model::add($data = '', $options = Array, $replace = false) D:\wamp\www\bolg\server\public\wyj\Lib\Model\UserModel.class.php 第 2 行.
SQL: SHOW COLUMNS FROM `user` [ RunTime:0.002000s ]
SQL: SHOW COLUMNS FROM `user` [ RunTime:0.004000s ]
SQL: UPDATE `user` SET `scan`=scan+1 WHERE ( `id` = 3 ) [ RunTime:0.002000s ]

[ 2016-03-06T14:00:59+08:00 ] 127.0.0.1 /bolg/server/public/wyj/index.php/User/isGz
INFO: [ route_check ] --START--
INFO: Run CheckRoute Behavior [ RunTime:0.001000s ]
INFO: [ route_check ] --END-- [ RunTime:0.002000s ]
INFO: [ app_begin ] --START--
INFO: Run ReadHtmlCache Behavior [ RunTime:0.001001s ]
INFO: [ app_begin ] --END-- [ RunTime:0.001001s ]
NOTIC: [2048] Declaration of UserModel::add() should be compatible with Model::add($data = '', $options = Array, $replace = false) D:\wamp\www\bolg\server\public\wyj\Lib\Model\UserModel.class.php 第 2 行.
SQL: SHOW COLUMNS FROM `user` [ RunTime:0.002000s ]
SQL: SHOW COLUMNS FROM `friend` [ RunTime:0.001000s ]
SQL: SELECT * FROM `friend` WHERE ( `gz_id` = 1 ) AND ( `bgz_id` = 3 )  [ RunTime:0.000000s ]

[ 2016-03-06T14:01:00+08:00 ] 127.0.0.1 /bolg/server/public/wyj/index.php/User/addFriend
INFO: [ route_check ] --START--
INFO: Run CheckRoute Behavior [ RunTime:0.002000s ]
INFO: [ route_check ] --END-- [ RunTime:0.002000s ]
INFO: [ app_begin ] --START--
INFO: Run ReadHtmlCache Behavior [ RunTime:0.001000s ]
INFO: [ app_begin ] --END-- [ RunTime:0.002000s ]
NOTIC: [2048] Declaration of UserModel::add() should be compatible with Model::add($data = '', $options = Array, $replace = false) D:\wamp\www\bolg\server\public\wyj\Lib\Model\UserModel.class.php 第 2 行.
SQL: SHOW COLUMNS FROM `user` [ RunTime:0.004000s ]
SQL: SHOW COLUMNS FROM `user` [ RunTime:0.004000s ]
SQL: UPDATE `user` SET `count`=count+3 WHERE ( `id` = 1 ) [ RunTime:0.002001s ]
SQL: SHOW COLUMNS FROM `friend` [ RunTime:0.003000s ]
SQL: SELECT * FROM `friend` WHERE ( `gz_id` = 1 ) AND ( `bgz_id` = 3 )  [ RunTime:0.000000s ]
SQL: INSERT INTO `friend` (`gz_id`,`bgz_id`) VALUES (1,3) [ RunTime:0.068004s ]

[ 2016-03-06T14:01:05+08:00 ] 127.0.0.1 /bolg/server/public/wyj/index.php/User/updateScan
INFO: [ route_check ] --START--
INFO: Run CheckRoute Behavior [ RunTime:0.001000s ]
INFO: [ route_check ] --END-- [ RunTime:0.001000s ]
INFO: [ app_begin ] --START--
INFO: Run ReadHtmlCache Behavior [ RunTime:0.001001s ]
INFO: [ app_begin ] --END-- [ RunTime:0.001001s ]
NOTIC: [2048] Declaration of UserModel::add() should be compatible with Model::add($data = '', $options = Array, $replace = false) D:\wamp\www\bolg\server\public\wyj\Lib\Model\UserModel.class.php 第 2 行.
SQL: SHOW COLUMNS FROM `user` [ RunTime:0.001000s ]
SQL: SHOW COLUMNS FROM `user` [ RunTime:0.002000s ]
SQL: UPDATE `user` SET `scan`=scan+1 WHERE ( `id` = 3 ) [ RunTime:0.001000s ]

[ 2016-03-06T14:01:05+08:00 ] 127.0.0.1 /bolg/server/public/wyj/index.php/User/index
INFO: [ route_check ] --START--
INFO: Run CheckRoute Behavior [ RunTime:0.001001s ]
INFO: [ route_check ] --END-- [ RunTime:0.002001s ]
INFO: [ app_begin ] --START--
INFO: Run ReadHtmlCache Behavior [ RunTime:0.001000s ]
INFO: [ app_begin ] --END-- [ RunTime:0.002000s ]
NOTIC: [2048] Declaration of UserModel::add() should be compatible with Model::add($data = '', $options = Array, $replace = false) D:\wamp\www\bolg\server\public\wyj\Lib\Model\UserModel.class.php 第 2 行.
SQL: SHOW COLUMNS FROM `user` [ RunTime:0.002000s ]
SQL: SHOW COLUMNS FROM `user` [ RunTime:0.001000s ]
SQL: SELECT `id`,`icon`,`weihao`,`name`,`count`,`scan`,`tags`,`time` FROM `user` WHERE ( id=3 )  [ RunTime:0.000000s ]
SQL: SHOW COLUMNS FROM `friend` [ RunTime:0.001001s ]
SQL: SELECT COUNT(*) AS tp_count FROM `friend` WHERE ( bgz_id=3 ) LIMIT 1   [ RunTime:0.000000s ]
SQL: SELECT COUNT(*) AS tp_count FROM `friend` WHERE ( gz_id=3 ) LIMIT 1   [ RunTime:0.000000s ]
SQL: SHOW COLUMNS FROM `reply` [ RunTime:0.002000s ]
SQL: SELECT COUNT(*) AS tp_count FROM `reply` WHERE ( `b_id` = 3 ) AND ( `type` = 1 ) LIMIT 1   [ RunTime:0.000000s ]
SQL: SHOW COLUMNS FROM `relative` [ RunTime:0.003000s ]
SQL: SELECT COUNT(*) AS tp_count FROM `relative` WHERE ( `xgr_id` = 3 ) AND ( `read` = 0 ) LIMIT 1   [ RunTime:0.000000s ]

[ 2016-03-06T14:01:05+08:00 ] 127.0.0.1 /bolg/server/public/wyj/index.php/User/isGz
INFO: [ route_check ] --START--
INFO: Run CheckRoute Behavior [ RunTime:0.001000s ]
INFO: [ route_check ] --END-- [ RunTime:0.001000s ]
INFO: [ app_begin ] --START--
INFO: Run ReadHtmlCache Behavior [ RunTime:0.001001s ]
INFO: [ app_begin ] --END-- [ RunTime:0.001001s ]
NOTIC: [2048] Declaration of UserModel::add() should be compatible with Model::add($data = '', $options = Array, $replace = false) D:\wamp\www\bolg\server\public\wyj\Lib\Model\UserModel.class.php 第 2 行.
SQL: SHOW COLUMNS FROM `user` [ RunTime:0.002000s ]
SQL: SHOW COLUMNS FROM `friend` [ RunTime:0.002001s ]
SQL: SELECT * FROM `friend` WHERE ( `gz_id` = 1 ) AND ( `bgz_id` = 3 )  [ RunTime:0.001000s ]

[ 2016-03-06T14:01:48+08:00 ] 127.0.0.1 /bolg/server/public/wyj/index.php/User/index
INFO: [ route_check ] --START--
INFO: Run CheckRoute Behavior [ RunTime:0.001000s ]
INFO: [ route_check ] --END-- [ RunTime:0.001000s ]
INFO: [ app_begin ] --START--
INFO: Run ReadHtmlCache Behavior [ RunTime:0.001000s ]
INFO: [ app_begin ] --END-- [ RunTime:0.001000s ]
NOTIC: [2048] Declaration of UserModel::add() should be compatible with Model::add($data = '', $options = Array, $replace = false) D:\wamp\www\bolg\server\public\wyj\Lib\Model\UserModel.class.php 第 2 行.
SQL: SHOW COLUMNS FROM `user` [ RunTime:0.002000s ]
SQL: SHOW COLUMNS FROM `user` [ RunTime:0.002000s ]
SQL: SELECT `id`,`icon`,`weihao`,`name`,`count`,`scan`,`tags`,`time` FROM `user` WHERE ( id=1 )  [ RunTime:0.000000s ]
SQL: SHOW COLUMNS FROM `friend` [ RunTime:0.002000s ]
SQL: SELECT COUNT(*) AS tp_count FROM `friend` WHERE ( bgz_id=1 ) LIMIT 1   [ RunTime:0.000000s ]
SQL: SELECT COUNT(*) AS tp_count FROM `friend` WHERE ( gz_id=1 ) LIMIT 1   [ RunTime:0.000000s ]
SQL: SHOW COLUMNS FROM `reply` [ RunTime:0.001000s ]
SQL: SELECT COUNT(*) AS tp_count FROM `reply` WHERE ( `b_id` = 1 ) AND ( `type` = 1 ) LIMIT 1   [ RunTime:0.002000s ]
SQL: SHOW COLUMNS FROM `relative` [ RunTime:0.002000s ]
SQL: SELECT COUNT(*) AS tp_count FROM `relative` WHERE ( `xgr_id` = 1 ) AND ( `read` = 0 ) LIMIT 1   [ RunTime:0.000000s ]

[ 2016-03-06T14:01:52+08:00 ] 127.0.0.1 /bolg/server/public/wyj/index.php/Blog/getHotLists
INFO: [ route_check ] --START--
INFO: Run CheckRoute Behavior [ RunTime:0.002000s ]
INFO: [ route_check ] --END-- [ RunTime:0.003000s ]
INFO: [ app_begin ] --START--
INFO: Run ReadHtmlCache Behavior [ RunTime:0.002000s ]
INFO: [ app_begin ] --END-- [ RunTime:0.003000s ]
SQL: SHOW COLUMNS FROM `blog` [ RunTime:0.002000s ]
SQL: SHOW COLUMNS FROM `blog` [ RunTime:0.002001s ]
SQL: SELECT * FROM `blog` WHERE ( `time` >= '2016-03-06 02:01:52' ) ORDER BY scan desc LIMIT 0,3   [ RunTime:0.000000s ]

