[ 2016-02-22T18:07:38+08:00 ] 127.0.0.1 /bolg/server/public/wyj/index.php/User/index
INFO: [ route_check ] --START--
INFO: Run CheckRoute Behavior [ RunTime:0.003001s ]
INFO: [ route_check ] --END-- [ RunTime:0.003001s ]
INFO: [ app_begin ] --START--
INFO: Run ReadHtmlCache Behavior [ RunTime:0.003000s ]
INFO: [ app_begin ] --END-- [ RunTime:0.003000s ]
NOTIC: [2048] Declaration of UserModel::add() should be compatible with Model::add($data = '', $options = Array, $replace = false) D:\wamp\www\bolg\server\public\wyj\Lib\Model\UserModel.class.php 第 2 行.
SQL: SHOW COLUMNS FROM `user` [ RunTime:0.033002s ]
SQL: SHOW COLUMNS FROM `user` [ RunTime:0.005000s ]
SQL: SELECT `id`,`icon`,`weihao`,`name`,`count`,`scan`,`tags`,`time` FROM `user` WHERE ( id=3 )  [ RunTime:0.001000s ]
SQL: SHOW COLUMNS FROM `friend` [ RunTime:0.010000s ]
SQL: SELECT COUNT(*) AS tp_count FROM `friend` WHERE ( bgz_id=3 ) LIMIT 1   [ RunTime:0.001000s ]
SQL: SELECT COUNT(*) AS tp_count FROM `friend` WHERE ( gz_id=3 ) LIMIT 1   [ RunTime:0.001000s ]
SQL: SHOW COLUMNS FROM `reply` [ RunTime:0.005000s ]
SQL: SELECT COUNT(*) AS tp_count FROM `reply` WHERE ( `b_id` = 3 ) AND ( `type` = 1 ) LIMIT 1   [ RunTime:0.000000s ]
SQL: SHOW COLUMNS FROM `relative` [ RunTime:0.016001s ]
SQL: SELECT COUNT(*) AS tp_count FROM `relative` WHERE ( `xgr_id` = 3 ) AND ( `read` = 0 ) LIMIT 1   [ RunTime:0.001000s ]

[ 2016-02-22T18:08:04+08:00 ] 127.0.0.1 /bolg/server/public/wyj/index.php/User/getMyFansLists
INFO: [ route_check ] --START--
INFO: Run CheckRoute Behavior [ RunTime:0.003000s ]
INFO: [ route_check ] --END-- [ RunTime:0.004000s ]
INFO: [ app_begin ] --START--
INFO: Run ReadHtmlCache Behavior [ RunTime:0.002001s ]
INFO: [ app_begin ] --END-- [ RunTime:0.004001s ]
NOTIC: [2048] Declaration of UserModel::add() should be compatible with Model::add($data = '', $options = Array, $replace = false) D:\wamp\www\bolg\server\public\wyj\Lib\Model\UserModel.class.php 第 2 行.
SQL: SHOW COLUMNS FROM `user` [ RunTime:0.005000s ]
SQL: SELECT id,name,icon,count,tags FROM `user` WHERE  id IN (SELECT gz_id FROM `friend` WHERE bgz_id =3) [ RunTime:0.001000s ]

[ 2016-02-22T18:08:07+08:00 ] 127.0.0.1 /bolg/server/public/wyj/index.php/User/index
INFO: [ route_check ] --START--
INFO: Run CheckRoute Behavior [ RunTime:0.003001s ]
INFO: [ route_check ] --END-- [ RunTime:0.003001s ]
INFO: [ app_begin ] --START--
INFO: Run ReadHtmlCache Behavior [ RunTime:0.002000s ]
INFO: [ app_begin ] --END-- [ RunTime:0.003000s ]
NOTIC: [2048] Declaration of UserModel::add() should be compatible with Model::add($data = '', $options = Array, $replace = false) D:\wamp\www\bolg\server\public\wyj\Lib\Model\UserModel.class.php 第 2 行.
SQL: SHOW COLUMNS FROM `user` [ RunTime:0.007001s ]
SQL: SHOW COLUMNS FROM `user` [ RunTime:0.005000s ]
SQL: SELECT `id`,`icon`,`weihao`,`name`,`count`,`scan`,`tags`,`time` FROM `user` WHERE ( id=1 )  [ RunTime:0.001001s ]
SQL: SHOW COLUMNS FROM `friend` [ RunTime:0.007000s ]
SQL: SELECT COUNT(*) AS tp_count FROM `friend` WHERE ( bgz_id=1 ) LIMIT 1   [ RunTime:0.001000s ]
SQL: SELECT COUNT(*) AS tp_count FROM `friend` WHERE ( gz_id=1 ) LIMIT 1   [ RunTime:0.001000s ]
SQL: SHOW COLUMNS FROM `reply` [ RunTime:0.005001s ]
SQL: SELECT COUNT(*) AS tp_count FROM `reply` WHERE ( `b_id` = 1 ) AND ( `type` = 1 ) LIMIT 1   [ RunTime:0.001000s ]
SQL: SHOW COLUMNS FROM `relative` [ RunTime:0.005000s ]
SQL: SELECT COUNT(*) AS tp_count FROM `relative` WHERE ( `xgr_id` = 1 ) AND ( `read` = 0 ) LIMIT 1   [ RunTime:0.000000s ]

[ 2016-02-22T18:08:07+08:00 ] 127.0.0.1 /bolg/server/public/wyj/index.php/User/updateScan
INFO: [ route_check ] --START--
INFO: Run CheckRoute Behavior [ RunTime:0.003000s ]
INFO: [ route_check ] --END-- [ RunTime:0.004000s ]
INFO: [ app_begin ] --START--
INFO: Run ReadHtmlCache Behavior [ RunTime:0.002001s ]
INFO: [ app_begin ] --END-- [ RunTime:0.002001s ]
NOTIC: [2048] Declaration of UserModel::add() should be compatible with Model::add($data = '', $options = Array, $replace = false) D:\wamp\www\bolg\server\public\wyj\Lib\Model\UserModel.class.php 第 2 行.
SQL: SHOW COLUMNS FROM `user` [ RunTime:0.004001s ]
SQL: SHOW COLUMNS FROM `user` [ RunTime:0.011001s ]
SQL: UPDATE `user` SET `scan`=scan+1 WHERE ( `id` = 1 ) [ RunTime:0.007000s ]

[ 2016-02-22T18:08:07+08:00 ] 127.0.0.1 /bolg/server/public/wyj/index.php/User/isGz
INFO: [ route_check ] --START--
INFO: Run CheckRoute Behavior [ RunTime:0.002000s ]
INFO: [ route_check ] --END-- [ RunTime:0.004000s ]
INFO: [ app_begin ] --START--
INFO: Run ReadHtmlCache Behavior [ RunTime:0.003001s ]
INFO: [ app_begin ] --END-- [ RunTime:0.003001s ]
NOTIC: [2048] Declaration of UserModel::add() should be compatible with Model::add($data = '', $options = Array, $replace = false) D:\wamp\www\bolg\server\public\wyj\Lib\Model\UserModel.class.php 第 2 行.
SQL: SHOW COLUMNS FROM `user` [ RunTime:0.004000s ]
SQL: SHOW COLUMNS FROM `friend` [ RunTime:0.005000s ]
SQL: SELECT * FROM `friend` WHERE ( `gz_id` = 3 ) AND ( `bgz_id` = 1 )  [ RunTime:0.001000s ]

[ 2016-02-22T18:08:10+08:00 ] 127.0.0.1 /bolg/server/public/wyj/index.php/User/getOneUser
INFO: [ route_check ] --START--
INFO: Run CheckRoute Behavior [ RunTime:0.002000s ]
INFO: [ route_check ] --END-- [ RunTime:0.004000s ]
INFO: [ app_begin ] --START--
INFO: Run ReadHtmlCache Behavior [ RunTime:0.002000s ]
INFO: [ app_begin ] --END-- [ RunTime:0.003000s ]
NOTIC: [2048] Declaration of UserModel::add() should be compatible with Model::add($data = '', $options = Array, $replace = false) D:\wamp\www\bolg\server\public\wyj\Lib\Model\UserModel.class.php 第 2 行.
SQL: SHOW COLUMNS FROM `user` [ RunTime:0.005000s ]
SQL: SHOW COLUMNS FROM `user` [ RunTime:0.054003s ]
SQL: SELECT `id`,`icon`,`weihao`,`name`,`count`,`scan`,`tags`,`time` FROM `user` WHERE ( id=1 )  [ RunTime:0.001000s ]

[ 2016-02-22T18:08:10+08:00 ] 127.0.0.1 /bolg/server/public/wyj/index.php/Blog/getLeavewordList
INFO: [ route_check ] --START--
INFO: Run CheckRoute Behavior [ RunTime:0.002001s ]
INFO: [ route_check ] --END-- [ RunTime:0.004001s ]
INFO: [ app_begin ] --START--
INFO: Run ReadHtmlCache Behavior [ RunTime:0.002000s ]
INFO: [ app_begin ] --END-- [ RunTime:0.003000s ]
SQL: SHOW COLUMNS FROM `blog` [ RunTime:0.053003s ]
SQL: SHOW COLUMNS FROM `reply` [ RunTime:0.004000s ]
SQL: SELECT `author`,`content`,`time` FROM `reply` WHERE ( `b_id` = 1 ) AND ( `type` = 1 ) ORDER BY time desc LIMIT 0,6   [ RunTime:0.001000s ]
NOTIC: [2048] Declaration of UserModel::add() should be compatible with Model::add($data = '', $options = Array, $replace = false) D:\wamp\www\bolg\server\public\wyj\Lib\Model\UserModel.class.php 第 100 行.
SQL: SHOW COLUMNS FROM `user` [ RunTime:0.005000s ]
SQL: SHOW COLUMNS FROM `user` [ RunTime:0.005000s ]
SQL: SELECT `id`,`icon`,`weihao`,`name`,`count`,`scan`,`tags`,`time` FROM `user` WHERE ( id=3 )  [ RunTime:0.002001s ]
SQL: SELECT `id`,`icon`,`weihao`,`name`,`count`,`scan`,`tags`,`time` FROM `user` WHERE ( id=3 )  [ RunTime:0.001000s ]
SQL: SELECT `id`,`icon`,`weihao`,`name`,`count`,`scan`,`tags`,`time` FROM `user` WHERE ( id=3 )  [ RunTime:0.000000s ]
SQL: SELECT `id`,`icon`,`weihao`,`name`,`count`,`scan`,`tags`,`time` FROM `user` WHERE ( id=3 )  [ RunTime:0.001000s ]
SQL: SELECT `id`,`icon`,`weihao`,`name`,`count`,`scan`,`tags`,`time` FROM `user` WHERE ( id=3 )  [ RunTime:0.000000s ]
SQL: SELECT `id`,`icon`,`weihao`,`name`,`count`,`scan`,`tags`,`time` FROM `user` WHERE ( id=3 )  [ RunTime:0.001000s ]

[ 2016-02-22T18:08:13+08:00 ] 127.0.0.1 /bolg/server/public/wyj/index.php/Blog/getLeavewordList
INFO: [ route_check ] --START--
INFO: Run CheckRoute Behavior [ RunTime:0.002001s ]
INFO: [ route_check ] --END-- [ RunTime:0.003001s ]
INFO: [ app_begin ] --START--
INFO: Run ReadHtmlCache Behavior [ RunTime:0.002000s ]
INFO: [ app_begin ] --END-- [ RunTime:0.003000s ]
SQL: SHOW COLUMNS FROM `blog` [ RunTime:0.004001s ]
SQL: SHOW COLUMNS FROM `reply` [ RunTime:0.004000s ]
SQL: SELECT `author`,`content`,`time` FROM `reply` WHERE ( `b_id` = 1 ) AND ( `type` = 1 ) ORDER BY time desc LIMIT 6,6   [ RunTime:0.001000s ]
NOTIC: [2048] Declaration of UserModel::add() should be compatible with Model::add($data = '', $options = Array, $replace = false) D:\wamp\www\bolg\server\public\wyj\Lib\Model\UserModel.class.php 第 100 行.
SQL: SHOW COLUMNS FROM `user` [ RunTime:0.005000s ]
SQL: SHOW COLUMNS FROM `user` [ RunTime:0.005000s ]
SQL: SELECT `id`,`icon`,`weihao`,`name`,`count`,`scan`,`tags`,`time` FROM `user` WHERE ( id=3 )  [ RunTime:0.001000s ]
SQL: SELECT `id`,`icon`,`weihao`,`name`,`count`,`scan`,`tags`,`time` FROM `user` WHERE ( id=3 )  [ RunTime:0.001000s ]
SQL: SELECT `id`,`icon`,`weihao`,`name`,`count`,`scan`,`tags`,`time` FROM `user` WHERE ( id=3 )  [ RunTime:0.000000s ]
SQL: SELECT `id`,`icon`,`weihao`,`name`,`count`,`scan`,`tags`,`time` FROM `user` WHERE ( id=3 )  [ RunTime:0.001000s ]
SQL: SELECT `id`,`icon`,`weihao`,`name`,`count`,`scan`,`tags`,`time` FROM `user` WHERE ( id=1 )  [ RunTime:0.001000s ]
SQL: SELECT `id`,`icon`,`weihao`,`name`,`count`,`scan`,`tags`,`time` FROM `user` WHERE ( id=1 )  [ RunTime:0.000000s ]

[ 2016-02-22T18:08:15+08:00 ] 127.0.0.1 /bolg/server/public/wyj/index.php/Blog/getLeavewordList
INFO: [ route_check ] --START--
INFO: Run CheckRoute Behavior [ RunTime:0.002000s ]
INFO: [ route_check ] --END-- [ RunTime:0.004000s ]
INFO: [ app_begin ] --START--
INFO: Run ReadHtmlCache Behavior [ RunTime:0.002000s ]
INFO: [ app_begin ] --END-- [ RunTime:0.003000s ]
SQL: SHOW COLUMNS FROM `blog` [ RunTime:0.021002s ]
SQL: SHOW COLUMNS FROM `reply` [ RunTime:0.048003s ]
SQL: SELECT `author`,`content`,`time` FROM `reply` WHERE ( `b_id` = 1 ) AND ( `type` = 1 ) ORDER BY time desc LIMIT 12,6   [ RunTime:0.003000s ]
NOTIC: [2048] Declaration of UserModel::add() should be compatible with Model::add($data = '', $options = Array, $replace = false) D:\wamp\www\bolg\server\public\wyj\Lib\Model\UserModel.class.php 第 100 行.
SQL: SHOW COLUMNS FROM `user` [ RunTime:0.026001s ]
SQL: SHOW COLUMNS FROM `user` [ RunTime:0.026001s ]
SQL: SELECT `id`,`icon`,`weihao`,`name`,`count`,`scan`,`tags`,`time` FROM `user` WHERE ( id=1 )  [ RunTime:0.003000s ]
SQL: SELECT `id`,`icon`,`weihao`,`name`,`count`,`scan`,`tags`,`time` FROM `user` WHERE ( id=2 )  [ RunTime:0.004000s ]

[ 2016-02-22T18:08:16+08:00 ] 127.0.0.1 /bolg/server/public/wyj/index.php/Blog/getLeavewordList
INFO: [ route_check ] --START--
INFO: Run CheckRoute Behavior [ RunTime:0.003000s ]
INFO: [ route_check ] --END-- [ RunTime:0.003000s ]
INFO: [ app_begin ] --START--
INFO: Run ReadHtmlCache Behavior [ RunTime:0.002000s ]
INFO: [ app_begin ] --END-- [ RunTime:0.002000s ]
SQL: SHOW COLUMNS FROM `blog` [ RunTime:0.009001s ]
SQL: SHOW COLUMNS FROM `reply` [ RunTime:0.006000s ]
SQL: SELECT `author`,`content`,`time` FROM `reply` WHERE ( `b_id` = 1 ) AND ( `type` = 1 ) ORDER BY time desc LIMIT 18,6   [ RunTime:0.001000s ]
NOTIC: [2048] Declaration of UserModel::add() should be compatible with Model::add($data = '', $options = Array, $replace = false) D:\wamp\www\bolg\server\public\wyj\Lib\Model\UserModel.class.php 第 100 行.
SQL: SHOW COLUMNS FROM `user` [ RunTime:0.006000s ]
NOTIC: [8] Undefined variable: result D:\wamp\www\bolg\server\public\wyj\Lib\Model\BlogModel.class.php 第 43 行.

[ 2016-02-22T18:08:17+08:00 ] 127.0.0.1 /bolg/server/public/wyj/index.php/Blog/getLeavewordList
INFO: [ route_check ] --START--
INFO: Run CheckRoute Behavior [ RunTime:0.002000s ]
INFO: [ route_check ] --END-- [ RunTime:0.004001s ]
INFO: [ app_begin ] --START--
INFO: Run ReadHtmlCache Behavior [ RunTime:0.002000s ]
INFO: [ app_begin ] --END-- [ RunTime:0.003000s ]
SQL: SHOW COLUMNS FROM `blog` [ RunTime:0.004000s ]
SQL: SHOW COLUMNS FROM `reply` [ RunTime:0.006000s ]
SQL: SELECT `author`,`content`,`time` FROM `reply` WHERE ( `b_id` = 1 ) AND ( `type` = 1 ) ORDER BY time desc LIMIT -6,6   [ RunTime:0.001000s ]
ERR: 1064:You have an error in your SQL syntax; check the manual that corresponds to your MySQL server version for the right syntax to use near '-6,6' at line 1
 [ SQL语句 ] : SELECT `author`,`content`,`time` FROM `reply` WHERE ( `b_id` = 1 ) AND ( `type` = 1 ) ORDER BY time desc LIMIT -6,6  
NOTIC: [2048] Declaration of UserModel::add() should be compatible with Model::add($data = '', $options = Array, $replace = false) D:\wamp\www\bolg\server\public\wyj\Lib\Model\UserModel.class.php 第 100 行.
SQL: SHOW COLUMNS FROM `user` [ RunTime:0.006000s ]
SQL: SHOW COLUMNS FROM `user` [ RunTime:0.004001s ]
SQL: SELECT `id`,`icon`,`weihao`,`name`,`count`,`scan`,`tags`,`time` FROM `user` WHERE ( id= )  [ RunTime:0.001000s ]
ERR: 1064:You have an error in your SQL syntax; check the manual that corresponds to your MySQL server version for the right syntax to use near ')' at line 1
 [ SQL语句 ] : SELECT `id`,`icon`,`weihao`,`name`,`count`,`scan`,`tags`,`time` FROM `user` WHERE ( id= ) 

[ 2016-02-22T18:08:18+08:00 ] 127.0.0.1 /bolg/server/public/wyj/index.php/Blog/getLeavewordList
INFO: [ route_check ] --START--
INFO: Run CheckRoute Behavior [ RunTime:0.003000s ]
INFO: [ route_check ] --END-- [ RunTime:0.003000s ]
INFO: [ app_begin ] --START--
INFO: Run ReadHtmlCache Behavior [ RunTime:0.002000s ]
INFO: [ app_begin ] --END-- [ RunTime:0.003000s ]
SQL: SHOW COLUMNS FROM `blog` [ RunTime:0.007001s ]
SQL: SHOW COLUMNS FROM `reply` [ RunTime:0.005000s ]
SQL: SELECT `author`,`content`,`time` FROM `reply` WHERE ( `b_id` = 1 ) AND ( `type` = 1 ) ORDER BY time desc LIMIT -6,6   [ RunTime:0.000000s ]
ERR: 1064:You have an error in your SQL syntax; check the manual that corresponds to your MySQL server version for the right syntax to use near '-6,6' at line 1
 [ SQL语句 ] : SELECT `author`,`content`,`time` FROM `reply` WHERE ( `b_id` = 1 ) AND ( `type` = 1 ) ORDER BY time desc LIMIT -6,6  
NOTIC: [2048] Declaration of UserModel::add() should be compatible with Model::add($data = '', $options = Array, $replace = false) D:\wamp\www\bolg\server\public\wyj\Lib\Model\UserModel.class.php 第 100 行.
SQL: SHOW COLUMNS FROM `user` [ RunTime:0.005000s ]
SQL: SHOW COLUMNS FROM `user` [ RunTime:0.006000s ]
SQL: SELECT `id`,`icon`,`weihao`,`name`,`count`,`scan`,`tags`,`time` FROM `user` WHERE ( id= )  [ RunTime:0.001000s ]
ERR: 1064:You have an error in your SQL syntax; check the manual that corresponds to your MySQL server version for the right syntax to use near ')' at line 1
 [ SQL语句 ] : SELECT `id`,`icon`,`weihao`,`name`,`count`,`scan`,`tags`,`time` FROM `user` WHERE ( id= ) 

[ 2016-02-22T18:08:19+08:00 ] 127.0.0.1 /bolg/server/public/wyj/index.php/Blog/getLeavewordList
INFO: [ route_check ] --START--
INFO: Run CheckRoute Behavior [ RunTime:0.003000s ]
INFO: [ route_check ] --END-- [ RunTime:0.004000s ]
INFO: [ app_begin ] --START--
INFO: Run ReadHtmlCache Behavior [ RunTime:0.002000s ]
INFO: [ app_begin ] --END-- [ RunTime:0.003000s ]
SQL: SHOW COLUMNS FROM `blog` [ RunTime:0.004000s ]
SQL: SHOW COLUMNS FROM `reply` [ RunTime:0.005000s ]
SQL: SELECT `author`,`content`,`time` FROM `reply` WHERE ( `b_id` = 1 ) AND ( `type` = 1 ) ORDER BY time desc LIMIT -6,6   [ RunTime:0.001001s ]
ERR: 1064:You have an error in your SQL syntax; check the manual that corresponds to your MySQL server version for the right syntax to use near '-6,6' at line 1
 [ SQL语句 ] : SELECT `author`,`content`,`time` FROM `reply` WHERE ( `b_id` = 1 ) AND ( `type` = 1 ) ORDER BY time desc LIMIT -6,6  
NOTIC: [2048] Declaration of UserModel::add() should be compatible with Model::add($data = '', $options = Array, $replace = false) D:\wamp\www\bolg\server\public\wyj\Lib\Model\UserModel.class.php 第 100 行.
SQL: SHOW COLUMNS FROM `user` [ RunTime:0.009000s ]
SQL: SHOW COLUMNS FROM `user` [ RunTime:0.005001s ]
SQL: SELECT `id`,`icon`,`weihao`,`name`,`count`,`scan`,`tags`,`time` FROM `user` WHERE ( id= )  [ RunTime:0.000000s ]
ERR: 1064:You have an error in your SQL syntax; check the manual that corresponds to your MySQL server version for the right syntax to use near ')' at line 1
 [ SQL语句 ] : SELECT `id`,`icon`,`weihao`,`name`,`count`,`scan`,`tags`,`time` FROM `user` WHERE ( id= ) 

[ 2016-02-22T18:08:19+08:00 ] 127.0.0.1 /bolg/server/public/wyj/index.php/Blog/getLeavewordList
INFO: [ route_check ] --START--
INFO: Run CheckRoute Behavior [ RunTime:0.002000s ]
INFO: [ route_check ] --END-- [ RunTime:0.004000s ]
INFO: [ app_begin ] --START--
INFO: Run ReadHtmlCache Behavior [ RunTime:0.003000s ]
INFO: [ app_begin ] --END-- [ RunTime:0.003000s ]
SQL: SHOW COLUMNS FROM `blog` [ RunTime:0.015001s ]
SQL: SHOW COLUMNS FROM `reply` [ RunTime:0.004000s ]
SQL: SELECT `author`,`content`,`time` FROM `reply` WHERE ( `b_id` = 1 ) AND ( `type` = 1 ) ORDER BY time desc LIMIT -6,6   [ RunTime:0.001000s ]
ERR: 1064:You have an error in your SQL syntax; check the manual that corresponds to your MySQL server version for the right syntax to use near '-6,6' at line 1
 [ SQL语句 ] : SELECT `author`,`content`,`time` FROM `reply` WHERE ( `b_id` = 1 ) AND ( `type` = 1 ) ORDER BY time desc LIMIT -6,6  
NOTIC: [2048] Declaration of UserModel::add() should be compatible with Model::add($data = '', $options = Array, $replace = false) D:\wamp\www\bolg\server\public\wyj\Lib\Model\UserModel.class.php 第 100 行.
SQL: SHOW COLUMNS FROM `user` [ RunTime:0.005000s ]
SQL: SHOW COLUMNS FROM `user` [ RunTime:0.006001s ]
SQL: SELECT `id`,`icon`,`weihao`,`name`,`count`,`scan`,`tags`,`time` FROM `user` WHERE ( id= )  [ RunTime:0.001000s ]
ERR: 1064:You have an error in your SQL syntax; check the manual that corresponds to your MySQL server version for the right syntax to use near ')' at line 1
 [ SQL语句 ] : SELECT `id`,`icon`,`weihao`,`name`,`count`,`scan`,`tags`,`time` FROM `user` WHERE ( id= ) 

[ 2016-02-22T18:08:19+08:00 ] 127.0.0.1 /bolg/server/public/wyj/index.php/Blog/getLeavewordList
INFO: [ route_check ] --START--
INFO: Run CheckRoute Behavior [ RunTime:0.003001s ]
INFO: [ route_check ] --END-- [ RunTime:0.025002s ]
INFO: [ app_begin ] --START--
INFO: Run ReadHtmlCache Behavior [ RunTime:0.002000s ]
INFO: [ app_begin ] --END-- [ RunTime:0.003000s ]
SQL: SHOW COLUMNS FROM `blog` [ RunTime:0.004000s ]
SQL: SHOW COLUMNS FROM `reply` [ RunTime:0.019001s ]
SQL: SELECT `author`,`content`,`time` FROM `reply` WHERE ( `b_id` = 1 ) AND ( `type` = 1 ) ORDER BY time desc LIMIT -6,6   [ RunTime:0.001000s ]
ERR: 1064:You have an error in your SQL syntax; check the manual that corresponds to your MySQL server version for the right syntax to use near '-6,6' at line 1
 [ SQL语句 ] : SELECT `author`,`content`,`time` FROM `reply` WHERE ( `b_id` = 1 ) AND ( `type` = 1 ) ORDER BY time desc LIMIT -6,6  
NOTIC: [2048] Declaration of UserModel::add() should be compatible with Model::add($data = '', $options = Array, $replace = false) D:\wamp\www\bolg\server\public\wyj\Lib\Model\UserModel.class.php 第 100 行.
SQL: SHOW COLUMNS FROM `user` [ RunTime:0.007000s ]
SQL: SHOW COLUMNS FROM `user` [ RunTime:0.008001s ]
SQL: SELECT `id`,`icon`,`weihao`,`name`,`count`,`scan`,`tags`,`time` FROM `user` WHERE ( id= )  [ RunTime:0.001000s ]
ERR: 1064:You have an error in your SQL syntax; check the manual that corresponds to your MySQL server version for the right syntax to use near ')' at line 1
 [ SQL语句 ] : SELECT `id`,`icon`,`weihao`,`name`,`count`,`scan`,`tags`,`time` FROM `user` WHERE ( id= ) 

[ 2016-02-22T18:08:19+08:00 ] 127.0.0.1 /bolg/server/public/wyj/index.php/Blog/getLeavewordList
INFO: [ route_check ] --START--
INFO: Run CheckRoute Behavior [ RunTime:0.003001s ]
INFO: [ route_check ] --END-- [ RunTime:0.003001s ]
INFO: [ app_begin ] --START--
INFO: Run ReadHtmlCache Behavior [ RunTime:0.003000s ]
INFO: [ app_begin ] --END-- [ RunTime:0.003000s ]
SQL: SHOW COLUMNS FROM `blog` [ RunTime:0.004000s ]
SQL: SHOW COLUMNS FROM `reply` [ RunTime:0.004001s ]
SQL: SELECT `author`,`content`,`time` FROM `reply` WHERE ( `b_id` = 1 ) AND ( `type` = 1 ) ORDER BY time desc LIMIT -6,6   [ RunTime:0.001000s ]
ERR: 1064:You have an error in your SQL syntax; check the manual that corresponds to your MySQL server version for the right syntax to use near '-6,6' at line 1
 [ SQL语句 ] : SELECT `author`,`content`,`time` FROM `reply` WHERE ( `b_id` = 1 ) AND ( `type` = 1 ) ORDER BY time desc LIMIT -6,6  
NOTIC: [2048] Declaration of UserModel::add() should be compatible with Model::add($data = '', $options = Array, $replace = false) D:\wamp\www\bolg\server\public\wyj\Lib\Model\UserModel.class.php 第 100 行.
SQL: SHOW COLUMNS FROM `user` [ RunTime:0.006001s ]
SQL: SHOW COLUMNS FROM `user` [ RunTime:0.005000s ]
SQL: SELECT `id`,`icon`,`weihao`,`name`,`count`,`scan`,`tags`,`time` FROM `user` WHERE ( id= )  [ RunTime:0.000000s ]
ERR: 1064:You have an error in your SQL syntax; check the manual that corresponds to your MySQL server version for the right syntax to use near ')' at line 1
 [ SQL语句 ] : SELECT `id`,`icon`,`weihao`,`name`,`count`,`scan`,`tags`,`time` FROM `user` WHERE ( id= ) 

[ 2016-02-22T18:08:19+08:00 ] 127.0.0.1 /bolg/server/public/wyj/index.php/Blog/getLeavewordList
INFO: [ route_check ] --START--
INFO: Run CheckRoute Behavior [ RunTime:0.003000s ]
INFO: [ route_check ] --END-- [ RunTime:0.006000s ]
INFO: [ app_begin ] --START--
INFO: Run ReadHtmlCache Behavior [ RunTime:0.007000s ]
INFO: [ app_begin ] --END-- [ RunTime:0.011000s ]
SQL: SHOW COLUMNS FROM `blog` [ RunTime:0.008001s ]
SQL: SHOW COLUMNS FROM `reply` [ RunTime:0.005000s ]
SQL: SELECT `author`,`content`,`time` FROM `reply` WHERE ( `b_id` = 1 ) AND ( `type` = 1 ) ORDER BY time desc LIMIT -6,6   [ RunTime:0.000000s ]
ERR: 1064:You have an error in your SQL syntax; check the manual that corresponds to your MySQL server version for the right syntax to use near '-6,6' at line 1
 [ SQL语句 ] : SELECT `author`,`content`,`time` FROM `reply` WHERE ( `b_id` = 1 ) AND ( `type` = 1 ) ORDER BY time desc LIMIT -6,6  
NOTIC: [2048] Declaration of UserModel::add() should be compatible with Model::add($data = '', $options = Array, $replace = false) D:\wamp\www\bolg\server\public\wyj\Lib\Model\UserModel.class.php 第 100 行.
SQL: SHOW COLUMNS FROM `user` [ RunTime:0.006000s ]
SQL: SHOW COLUMNS FROM `user` [ RunTime:0.006001s ]
SQL: SELECT `id`,`icon`,`weihao`,`name`,`count`,`scan`,`tags`,`time` FROM `user` WHERE ( id= )  [ RunTime:0.001000s ]
ERR: 1064:You have an error in your SQL syntax; check the manual that corresponds to your MySQL server version for the right syntax to use near ')' at line 1
 [ SQL语句 ] : SELECT `id`,`icon`,`weihao`,`name`,`count`,`scan`,`tags`,`time` FROM `user` WHERE ( id= ) 

[ 2016-02-22T18:08:31+08:00 ] 127.0.0.1 /bolg/server/public/wyj/index.php/User/getOneUser
INFO: [ route_check ] --START--
INFO: Run CheckRoute Behavior [ RunTime:0.002000s ]
INFO: [ route_check ] --END-- [ RunTime:0.003000s ]
INFO: [ app_begin ] --START--
INFO: Run ReadHtmlCache Behavior [ RunTime:0.002001s ]
INFO: [ app_begin ] --END-- [ RunTime:0.002001s ]
NOTIC: [2048] Declaration of UserModel::add() should be compatible with Model::add($data = '', $options = Array, $replace = false) D:\wamp\www\bolg\server\public\wyj\Lib\Model\UserModel.class.php 第 2 行.
SQL: SHOW COLUMNS FROM `user` [ RunTime:0.005000s ]
SQL: SHOW COLUMNS FROM `user` [ RunTime:0.004000s ]
SQL: SELECT `id`,`icon`,`weihao`,`name`,`count`,`scan`,`tags`,`time` FROM `user` WHERE ( id=1 )  [ RunTime:0.001000s ]

[ 2016-02-22T18:08:34+08:00 ] 127.0.0.1 /bolg/server/public/wyj/index.php/User/index
INFO: [ route_check ] --START--
INFO: Run CheckRoute Behavior [ RunTime:0.002001s ]
INFO: [ route_check ] --END-- [ RunTime:0.004001s ]
INFO: [ app_begin ] --START--
INFO: Run ReadHtmlCache Behavior [ RunTime:0.002000s ]
INFO: [ app_begin ] --END-- [ RunTime:0.003000s ]
NOTIC: [2048] Declaration of UserModel::add() should be compatible with Model::add($data = '', $options = Array, $replace = false) D:\wamp\www\bolg\server\public\wyj\Lib\Model\UserModel.class.php 第 2 行.
SQL: SHOW COLUMNS FROM `user` [ RunTime:0.005001s ]
SQL: SHOW COLUMNS FROM `user` [ RunTime:0.006000s ]
SQL: SELECT `id`,`icon`,`weihao`,`name`,`count`,`scan`,`tags`,`time` FROM `user` WHERE ( id=1 )  [ RunTime:0.001001s ]
SQL: SHOW COLUMNS FROM `friend` [ RunTime:0.004000s ]
SQL: SELECT COUNT(*) AS tp_count FROM `friend` WHERE ( bgz_id=1 ) LIMIT 1   [ RunTime:0.001000s ]
SQL: SELECT COUNT(*) AS tp_count FROM `friend` WHERE ( gz_id=1 ) LIMIT 1   [ RunTime:0.001000s ]
SQL: SHOW COLUMNS FROM `reply` [ RunTime:0.004000s ]
SQL: SELECT COUNT(*) AS tp_count FROM `reply` WHERE ( `b_id` = 1 ) AND ( `type` = 1 ) LIMIT 1   [ RunTime:0.000000s ]
SQL: SHOW COLUMNS FROM `relative` [ RunTime:0.005000s ]
SQL: SELECT COUNT(*) AS tp_count FROM `relative` WHERE ( `xgr_id` = 1 ) AND ( `read` = 0 ) LIMIT 1   [ RunTime:0.000000s ]

[ 2016-02-22T18:08:34+08:00 ] 127.0.0.1 /bolg/server/public/wyj/index.php/Blog/getLeavewordList
INFO: [ route_check ] --START--
INFO: Run CheckRoute Behavior [ RunTime:0.003000s ]
INFO: [ route_check ] --END-- [ RunTime:0.004000s ]
INFO: [ app_begin ] --START--
INFO: Run ReadHtmlCache Behavior [ RunTime:0.003001s ]
INFO: [ app_begin ] --END-- [ RunTime:0.003001s ]
SQL: SHOW COLUMNS FROM `blog` [ RunTime:0.004000s ]
SQL: SHOW COLUMNS FROM `reply` [ RunTime:0.005000s ]
SQL: SELECT `author`,`content`,`time` FROM `reply` WHERE ( `b_id` = 1 ) AND ( `type` = 1 ) ORDER BY time desc LIMIT 0,6   [ RunTime:0.001000s ]
NOTIC: [2048] Declaration of UserModel::add() should be compatible with Model::add($data = '', $options = Array, $replace = false) D:\wamp\www\bolg\server\public\wyj\Lib\Model\UserModel.class.php 第 100 行.
SQL: SHOW COLUMNS FROM `user` [ RunTime:0.004001s ]
SQL: SHOW COLUMNS FROM `user` [ RunTime:0.005000s ]
SQL: SELECT `id`,`icon`,`weihao`,`name`,`count`,`scan`,`tags`,`time` FROM `user` WHERE ( id=3 )  [ RunTime:0.001000s ]
SQL: SELECT `id`,`icon`,`weihao`,`name`,`count`,`scan`,`tags`,`time` FROM `user` WHERE ( id=3 )  [ RunTime:0.001000s ]
SQL: SELECT `id`,`icon`,`weihao`,`name`,`count`,`scan`,`tags`,`time` FROM `user` WHERE ( id=3 )  [ RunTime:0.001000s ]
SQL: SELECT `id`,`icon`,`weihao`,`name`,`count`,`scan`,`tags`,`time` FROM `user` WHERE ( id=3 )  [ RunTime:0.000000s ]
SQL: SELECT `id`,`icon`,`weihao`,`name`,`count`,`scan`,`tags`,`time` FROM `user` WHERE ( id=3 )  [ RunTime:0.000000s ]
SQL: SELECT `id`,`icon`,`weihao`,`name`,`count`,`scan`,`tags`,`time` FROM `user` WHERE ( id=3 )  [ RunTime:0.000000s ]

[ 2016-02-22T18:08:34+08:00 ] 127.0.0.1 /bolg/server/public/wyj/index.php/User/updateScan
INFO: [ route_check ] --START--
INFO: Run CheckRoute Behavior [ RunTime:0.002000s ]
INFO: [ route_check ] --END-- [ RunTime:0.004000s ]
INFO: [ app_begin ] --START--
INFO: Run ReadHtmlCache Behavior [ RunTime:0.004000s ]
INFO: [ app_begin ] --END-- [ RunTime:0.004000s ]
NOTIC: [2048] Declaration of UserModel::add() should be compatible with Model::add($data = '', $options = Array, $replace = false) D:\wamp\www\bolg\server\public\wyj\Lib\Model\UserModel.class.php 第 2 行.
SQL: SHOW COLUMNS FROM `user` [ RunTime:0.005000s ]
SQL: SHOW COLUMNS FROM `user` [ RunTime:0.005001s ]
SQL: UPDATE `user` SET `scan`=scan+1 WHERE ( `id` = 1 ) [ RunTime:0.001000s ]

[ 2016-02-22T18:08:34+08:00 ] 127.0.0.1 /bolg/server/public/wyj/index.php/User/isGz
INFO: [ route_check ] --START--
INFO: Run CheckRoute Behavior [ RunTime:0.010001s ]
INFO: [ route_check ] --END-- [ RunTime:0.010001s ]
INFO: [ app_begin ] --START--
INFO: Run ReadHtmlCache Behavior [ RunTime:0.003000s ]
INFO: [ app_begin ] --END-- [ RunTime:0.003000s ]
NOTIC: [2048] Declaration of UserModel::add() should be compatible with Model::add($data = '', $options = Array, $replace = false) D:\wamp\www\bolg\server\public\wyj\Lib\Model\UserModel.class.php 第 2 行.
SQL: SHOW COLUMNS FROM `user` [ RunTime:0.004000s ]
SQL: SHOW COLUMNS FROM `friend` [ RunTime:0.004000s ]
SQL: SELECT * FROM `friend` WHERE ( `gz_id` = 3 ) AND ( `bgz_id` = 1 )  [ RunTime:0.001001s ]

[ 2016-02-22T18:08:52+08:00 ] 127.0.0.1 /bolg/server/public/wyj/index.php/User/getMyFansLists
INFO: [ route_check ] --START--
INFO: Run CheckRoute Behavior [ RunTime:0.002000s ]
INFO: [ route_check ] --END-- [ RunTime:0.004000s ]
INFO: [ app_begin ] --START--
INFO: Run ReadHtmlCache Behavior [ RunTime:0.002000s ]
INFO: [ app_begin ] --END-- [ RunTime:0.003000s ]
NOTIC: [2048] Declaration of UserModel::add() should be compatible with Model::add($data = '', $options = Array, $replace = false) D:\wamp\www\bolg\server\public\wyj\Lib\Model\UserModel.class.php 第 2 行.
SQL: SHOW COLUMNS FROM `user` [ RunTime:0.006001s ]
SQL: SELECT id,name,icon,count,tags FROM `user` WHERE  id IN (SELECT gz_id FROM `friend` WHERE bgz_id =3) [ RunTime:0.001000s ]

[ 2016-02-22T18:08:53+08:00 ] 127.0.0.1 /bolg/server/public/wyj/index.php/User/index
INFO: [ route_check ] --START--
INFO: Run CheckRoute Behavior [ RunTime:0.003001s ]
INFO: [ route_check ] --END-- [ RunTime:0.005001s ]
INFO: [ app_begin ] --START--
INFO: Run ReadHtmlCache Behavior [ RunTime:0.003000s ]
INFO: [ app_begin ] --END-- [ RunTime:0.003000s ]
NOTIC: [2048] Declaration of UserModel::add() should be compatible with Model::add($data = '', $options = Array, $replace = false) D:\wamp\www\bolg\server\public\wyj\Lib\Model\UserModel.class.php 第 2 行.
SQL: SHOW COLUMNS FROM `user` [ RunTime:0.004000s ]
SQL: SHOW COLUMNS FROM `user` [ RunTime:0.005000s ]
SQL: SELECT `id`,`icon`,`weihao`,`name`,`count`,`scan`,`tags`,`time` FROM `user` WHERE ( id=1 )  [ RunTime:0.026001s ]
SQL: SHOW COLUMNS FROM `friend` [ RunTime:0.004001s ]
SQL: SELECT COUNT(*) AS tp_count FROM `friend` WHERE ( bgz_id=1 ) LIMIT 1   [ RunTime:0.001000s ]
SQL: SELECT COUNT(*) AS tp_count FROM `friend` WHERE ( gz_id=1 ) LIMIT 1   [ RunTime:0.001000s ]
SQL: SHOW COLUMNS FROM `reply` [ RunTime:0.005000s ]
SQL: SELECT COUNT(*) AS tp_count FROM `reply` WHERE ( `b_id` = 1 ) AND ( `type` = 1 ) LIMIT 1   [ RunTime:0.000000s ]
SQL: SHOW COLUMNS FROM `relative` [ RunTime:0.004000s ]
SQL: SELECT COUNT(*) AS tp_count FROM `relative` WHERE ( `xgr_id` = 1 ) AND ( `read` = 0 ) LIMIT 1   [ RunTime:0.000000s ]

[ 2016-02-22T18:08:54+08:00 ] 127.0.0.1 /bolg/server/public/wyj/index.php/User/isGz
INFO: [ route_check ] --START--
INFO: Run CheckRoute Behavior [ RunTime:0.002000s ]
INFO: [ route_check ] --END-- [ RunTime:0.003001s ]
INFO: [ app_begin ] --START--
INFO: Run ReadHtmlCache Behavior [ RunTime:0.002000s ]
INFO: [ app_begin ] --END-- [ RunTime:0.003000s ]
NOTIC: [2048] Declaration of UserModel::add() should be compatible with Model::add($data = '', $options = Array, $replace = false) D:\wamp\www\bolg\server\public\wyj\Lib\Model\UserModel.class.php 第 2 行.
SQL: SHOW COLUMNS FROM `user` [ RunTime:0.019001s ]
SQL: SHOW COLUMNS FROM `friend` [ RunTime:0.010000s ]
SQL: SELECT * FROM `friend` WHERE ( `gz_id` = 3 ) AND ( `bgz_id` = 1 )  [ RunTime:0.002001s ]

[ 2016-02-22T18:08:57+08:00 ] 127.0.0.1 /bolg/server/public/wyj/index.php/User/updateScan
INFO: [ route_check ] --START--
INFO: Run CheckRoute Behavior [ RunTime:0.003000s ]
INFO: [ route_check ] --END-- [ RunTime:0.003000s ]
INFO: [ app_begin ] --START--
INFO: Run ReadHtmlCache Behavior [ RunTime:0.002001s ]
INFO: [ app_begin ] --END-- [ RunTime:0.003001s ]
NOTIC: [2048] Declaration of UserModel::add() should be compatible with Model::add($data = '', $options = Array, $replace = false) D:\wamp\www\bolg\server\public\wyj\Lib\Model\UserModel.class.php 第 2 行.
SQL: SHOW COLUMNS FROM `user` [ RunTime:0.005000s ]
SQL: SHOW COLUMNS FROM `user` [ RunTime:0.005000s ]
SQL: UPDATE `user` SET `scan`=scan+1 WHERE ( `id` = 1 ) [ RunTime:0.005000s ]

[ 2016-02-22T18:09:12+08:00 ] 127.0.0.1 /bolg/server/public/wyj/index.php/User/getOneUser
INFO: [ route_check ] --START--
INFO: Run CheckRoute Behavior [ RunTime:0.002000s ]
INFO: [ route_check ] --END-- [ RunTime:0.003000s ]
INFO: [ app_begin ] --START--
INFO: Run ReadHtmlCache Behavior [ RunTime:0.002001s ]
INFO: [ app_begin ] --END-- [ RunTime:0.002001s ]
NOTIC: [2048] Declaration of UserModel::add() should be compatible with Model::add($data = '', $options = Array, $replace = false) D:\wamp\www\bolg\server\public\wyj\Lib\Model\UserModel.class.php 第 2 行.
SQL: SHOW COLUMNS FROM `user` [ RunTime:0.006000s ]
SQL: SHOW COLUMNS FROM `user` [ RunTime:0.005000s ]
SQL: SELECT `id`,`icon`,`weihao`,`name`,`count`,`scan`,`tags`,`time` FROM `user` WHERE ( id=3 )  [ RunTime:0.000000s ]

[ 2016-02-22T18:13:21+08:00 ] 127.0.0.1 /bolg/server/public/wyj/index.php/User/getMyFansLists
INFO: [ route_check ] --START--
INFO: Run CheckRoute Behavior [ RunTime:0.002000s ]
INFO: [ route_check ] --END-- [ RunTime:0.003000s ]
INFO: [ app_begin ] --START--
INFO: Run ReadHtmlCache Behavior [ RunTime:0.002000s ]
INFO: [ app_begin ] --END-- [ RunTime:0.002000s ]
NOTIC: [2048] Declaration of UserModel::add() should be compatible with Model::add($data = '', $options = Array, $replace = false) D:\wamp\www\bolg\server\public\wyj\Lib\Model\UserModel.class.php 第 2 行.
SQL: SHOW COLUMNS FROM `user` [ RunTime:0.003000s ]
SQL: SELECT id,name,icon,count,tags FROM `user` WHERE  id IN (SELECT gz_id FROM `friend` WHERE bgz_id =3) [ RunTime:0.000000s ]

[ 2016-02-22T18:13:23+08:00 ] 127.0.0.1 /bolg/server/public/wyj/index.php/User/index
INFO: [ route_check ] --START--
INFO: Run CheckRoute Behavior [ RunTime:0.002000s ]
INFO: [ route_check ] --END-- [ RunTime:0.003000s ]
INFO: [ app_begin ] --START--
INFO: Run ReadHtmlCache Behavior [ RunTime:0.001000s ]
INFO: [ app_begin ] --END-- [ RunTime:0.002000s ]
NOTIC: [2048] Declaration of UserModel::add() should be compatible with Model::add($data = '', $options = Array, $replace = false) D:\wamp\www\bolg\server\public\wyj\Lib\Model\UserModel.class.php 第 2 行.
SQL: SHOW COLUMNS FROM `user` [ RunTime:0.004000s ]
SQL: SHOW COLUMNS FROM `user` [ RunTime:0.004000s ]
SQL: SELECT `id`,`icon`,`weihao`,`name`,`count`,`scan`,`tags`,`time` FROM `user` WHERE ( id=1 )  [ RunTime:0.002000s ]
SQL: SHOW COLUMNS FROM `friend` [ RunTime:0.004001s ]
SQL: SELECT COUNT(*) AS tp_count FROM `friend` WHERE ( bgz_id=1 ) LIMIT 1   [ RunTime:0.000000s ]
SQL: SELECT COUNT(*) AS tp_count FROM `friend` WHERE ( gz_id=1 ) LIMIT 1   [ RunTime:0.000000s ]
SQL: SHOW COLUMNS FROM `reply` [ RunTime:0.004000s ]
SQL: SELECT COUNT(*) AS tp_count FROM `reply` WHERE ( `b_id` = 1 ) AND ( `type` = 1 ) LIMIT 1   [ RunTime:0.000000s ]
SQL: SHOW COLUMNS FROM `relative` [ RunTime:0.003001s ]
SQL: SELECT COUNT(*) AS tp_count FROM `relative` WHERE ( `xgr_id` = 1 ) AND ( `read` = 0 ) LIMIT 1   [ RunTime:0.000000s ]

[ 2016-02-22T18:13:23+08:00 ] 127.0.0.1 /bolg/server/public/wyj/index.php/User/updateScan
INFO: [ route_check ] --START--
INFO: Run CheckRoute Behavior [ RunTime:0.002000s ]
INFO: [ route_check ] --END-- [ RunTime:0.004000s ]
INFO: [ app_begin ] --START--
INFO: Run ReadHtmlCache Behavior [ RunTime:0.002000s ]
INFO: [ app_begin ] --END-- [ RunTime:0.002000s ]
NOTIC: [2048] Declaration of UserModel::add() should be compatible with Model::add($data = '', $options = Array, $replace = false) D:\wamp\www\bolg\server\public\wyj\Lib\Model\UserModel.class.php 第 2 行.
SQL: SHOW COLUMNS FROM `user` [ RunTime:0.003000s ]
SQL: SHOW COLUMNS FROM `user` [ RunTime:0.003000s ]
SQL: UPDATE `user` SET `scan`=scan+1 WHERE ( `id` = 1 ) [ RunTime:0.006001s ]

[ 2016-02-22T18:13:23+08:00 ] 127.0.0.1 /bolg/server/public/wyj/index.php/User/isGz
INFO: [ route_check ] --START--
INFO: Run CheckRoute Behavior [ RunTime:0.002000s ]
INFO: [ route_check ] --END-- [ RunTime:0.002000s ]
INFO: [ app_begin ] --START--
INFO: Run ReadHtmlCache Behavior [ RunTime:0.001000s ]
INFO: [ app_begin ] --END-- [ RunTime:0.002000s ]
NOTIC: [2048] Declaration of UserModel::add() should be compatible with Model::add($data = '', $options = Array, $replace = false) D:\wamp\www\bolg\server\public\wyj\Lib\Model\UserModel.class.php 第 2 行.
SQL: SHOW COLUMNS FROM `user` [ RunTime:0.004000s ]
SQL: SHOW COLUMNS FROM `friend` [ RunTime:0.003000s ]
SQL: SELECT * FROM `friend` WHERE ( `gz_id` = 3 ) AND ( `bgz_id` = 1 )  [ RunTime:0.000000s ]

[ 2016-02-22T18:17:11+08:00 ] 127.0.0.1 /bolg/server/public/wyj/index.php/Blog/getLeavewordList
INFO: [ route_check ] --START--
INFO: Run CheckRoute Behavior [ RunTime:0.002001s ]
INFO: [ route_check ] --END-- [ RunTime:0.002001s ]
INFO: [ app_begin ] --START--
INFO: Run ReadHtmlCache Behavior [ RunTime:0.002000s ]
INFO: [ app_begin ] --END-- [ RunTime:0.002000s ]
SQL: SHOW COLUMNS FROM `blog` [ RunTime:0.003000s ]
SQL: SHOW COLUMNS FROM `reply` [ RunTime:0.003001s ]
SQL: SELECT `author`,`content`,`time` FROM `reply` WHERE ( `b_id` = 3 ) AND ( `type` = 1 ) ORDER BY time desc LIMIT 0,6   [ RunTime:0.001000s ]
NOTIC: [2048] Declaration of UserModel::add() should be compatible with Model::add($data = '', $options = Array, $replace = false) D:\wamp\www\bolg\server\public\wyj\Lib\Model\UserModel.class.php 第 100 行.
SQL: SHOW COLUMNS FROM `user` [ RunTime:0.005000s ]
SQL: SHOW COLUMNS FROM `user` [ RunTime:0.004001s ]
SQL: SELECT `id`,`icon`,`weihao`,`name`,`count`,`scan`,`tags`,`time` FROM `user` WHERE ( id=3 )  [ RunTime:0.001000s ]
SQL: SELECT `id`,`icon`,`weihao`,`name`,`count`,`scan`,`tags`,`time` FROM `user` WHERE ( id=3 )  [ RunTime:0.001000s ]
SQL: SELECT `id`,`icon`,`weihao`,`name`,`count`,`scan`,`tags`,`time` FROM `user` WHERE ( id=3 )  [ RunTime:0.000000s ]
SQL: SELECT `id`,`icon`,`weihao`,`name`,`count`,`scan`,`tags`,`time` FROM `user` WHERE ( id=1 )  [ RunTime:0.000000s ]
SQL: SELECT `id`,`icon`,`weihao`,`name`,`count`,`scan`,`tags`,`time` FROM `user` WHERE ( id=3 )  [ RunTime:0.000000s ]
SQL: SELECT `id`,`icon`,`weihao`,`name`,`count`,`scan`,`tags`,`time` FROM `user` WHERE ( id=3 )  [ RunTime:0.001000s ]

[ 2016-02-22T18:17:11+08:00 ] 127.0.0.1 /bolg/server/public/wyj/index.php/User/getOneUser
INFO: [ route_check ] --START--
INFO: Run CheckRoute Behavior [ RunTime:0.002000s ]
INFO: [ route_check ] --END-- [ RunTime:0.003000s ]
INFO: [ app_begin ] --START--
INFO: Run ReadHtmlCache Behavior [ RunTime:0.012001s ]
INFO: [ app_begin ] --END-- [ RunTime:0.012001s ]
NOTIC: [2048] Declaration of UserModel::add() should be compatible with Model::add($data = '', $options = Array, $replace = false) D:\wamp\www\bolg\server\public\wyj\Lib\Model\UserModel.class.php 第 2 行.
SQL: SHOW COLUMNS FROM `user` [ RunTime:0.005001s ]
SQL: SHOW COLUMNS FROM `user` [ RunTime:0.004000s ]
SQL: SELECT `id`,`icon`,`weihao`,`name`,`count`,`scan`,`tags`,`time` FROM `user` WHERE ( id=3 )  [ RunTime:0.000000s ]

[ 2016-02-22T18:17:13+08:00 ] 127.0.0.1 /bolg/server/public/wyj/index.php/Blog/getLeavewordList
INFO: [ route_check ] --START--
INFO: Run CheckRoute Behavior [ RunTime:0.002000s ]
INFO: [ route_check ] --END-- [ RunTime:0.002000s ]
INFO: [ app_begin ] --START--
INFO: Run ReadHtmlCache Behavior [ RunTime:0.002000s ]
INFO: [ app_begin ] --END-- [ RunTime:0.002000s ]
SQL: SHOW COLUMNS FROM `blog` [ RunTime:0.003000s ]
SQL: SHOW COLUMNS FROM `reply` [ RunTime:0.003000s ]
SQL: SELECT `author`,`content`,`time` FROM `reply` WHERE ( `b_id` = 3 ) AND ( `type` = 1 ) ORDER BY time desc LIMIT 6,6   [ RunTime:0.002000s ]
NOTIC: [2048] Declaration of UserModel::add() should be compatible with Model::add($data = '', $options = Array, $replace = false) D:\wamp\www\bolg\server\public\wyj\Lib\Model\UserModel.class.php 第 100 行.
SQL: SHOW COLUMNS FROM `user` [ RunTime:0.004001s ]
SQL: SHOW COLUMNS FROM `user` [ RunTime:0.003000s ]
SQL: SELECT `id`,`icon`,`weihao`,`name`,`count`,`scan`,`tags`,`time` FROM `user` WHERE ( id=3 )  [ RunTime:0.000000s ]
SQL: SELECT `id`,`icon`,`weihao`,`name`,`count`,`scan`,`tags`,`time` FROM `user` WHERE ( id=3 )  [ RunTime:0.001000s ]
SQL: SELECT `id`,`icon`,`weihao`,`name`,`count`,`scan`,`tags`,`time` FROM `user` WHERE ( id=3 )  [ RunTime:0.000000s ]
SQL: SELECT `id`,`icon`,`weihao`,`name`,`count`,`scan`,`tags`,`time` FROM `user` WHERE ( id=3 )  [ RunTime:0.000000s ]
SQL: SELECT `id`,`icon`,`weihao`,`name`,`count`,`scan`,`tags`,`time` FROM `user` WHERE ( id=1 )  [ RunTime:0.000000s ]
SQL: SELECT `id`,`icon`,`weihao`,`name`,`count`,`scan`,`tags`,`time` FROM `user` WHERE ( id=1 )  [ RunTime:0.001000s ]

[ 2016-02-22T18:17:16+08:00 ] 127.0.0.1 /bolg/server/public/wyj/index.php/Blog/getLeavewordList
INFO: [ route_check ] --START--
INFO: Run CheckRoute Behavior [ RunTime:0.002000s ]
INFO: [ route_check ] --END-- [ RunTime:0.003001s ]
INFO: [ app_begin ] --START--
INFO: Run ReadHtmlCache Behavior [ RunTime:0.002000s ]
INFO: [ app_begin ] --END-- [ RunTime:0.003000s ]
SQL: SHOW COLUMNS FROM `blog` [ RunTime:0.003000s ]
SQL: SHOW COLUMNS FROM `reply` [ RunTime:0.005000s ]
SQL: SELECT `author`,`content`,`time` FROM `reply` WHERE ( `b_id` = 3 ) AND ( `type` = 1 ) ORDER BY time desc LIMIT 12,6   [ RunTime:0.001000s ]
NOTIC: [2048] Declaration of UserModel::add() should be compatible with Model::add($data = '', $options = Array, $replace = false) D:\wamp\www\bolg\server\public\wyj\Lib\Model\UserModel.class.php 第 100 行.
SQL: SHOW COLUMNS FROM `user` [ RunTime:0.004001s ]
NOTIC: [8] Undefined variable: result D:\wamp\www\bolg\server\public\wyj\Lib\Model\BlogModel.class.php 第 43 行.

