[ 2016-02-28T14:28:45+08:00 ] 127.0.0.1 /bolg/server/public/wyj/index.php/User/login
INFO: [ route_check ] --START--
INFO: Run CheckRoute Behavior [ RunTime:0.014001s ]
INFO: [ route_check ] --END-- [ RunTime:0.014001s ]
INFO: [ app_begin ] --START--
INFO: Run ReadHtmlCache Behavior [ RunTime:0.043003s ]
INFO: [ app_begin ] --END-- [ RunTime:0.043003s ]
NOTIC: [2048] Declaration of UserModel::add() should be compatible with Model::add($data = '', $options = Array, $replace = false) D:\wamp\www\bolg\server\public\wyj\Lib\Model\UserModel.class.php 第 2 行.
SQL: SHOW COLUMNS FROM `user` [ RunTime:0.059003s ]
SQL: SHOW COLUMNS FROM `user` [ RunTime:0.002000s ]
SQL: SELECT `id` FROM `user` WHERE ( `name` = '950616' ) AND ( `pwd` = '950616' )  [ RunTime:0.001000s ]
SQL: SELECT `id` FROM `user` WHERE ( `weihao` = '950616' ) AND ( `pwd` = '950616' )  [ RunTime:0.000000s ]

[ 2016-02-28T14:28:58+08:00 ] 127.0.0.1 /bolg/server/public/wyj/index.php/User/login
INFO: [ route_check ] --START--
INFO: Run CheckRoute Behavior [ RunTime:0.004000s ]
INFO: [ route_check ] --END-- [ RunTime:0.007000s ]
INFO: [ app_begin ] --START--
INFO: Run ReadHtmlCache Behavior [ RunTime:0.000000s ]
INFO: [ app_begin ] --END-- [ RunTime:0.001000s ]
NOTIC: [2048] Declaration of UserModel::add() should be compatible with Model::add($data = '', $options = Array, $replace = false) D:\wamp\www\bolg\server\public\wyj\Lib\Model\UserModel.class.php 第 2 行.
SQL: SHOW COLUMNS FROM `user` [ RunTime:0.002000s ]
SQL: SHOW COLUMNS FROM `user` [ RunTime:0.003000s ]
SQL: SELECT `id` FROM `user` WHERE ( `name` = '950616' ) AND ( `pwd` = '950616' )  [ RunTime:0.000000s ]
SQL: SELECT `id` FROM `user` WHERE ( `weihao` = '950616' ) AND ( `pwd` = '950616' )  [ RunTime:0.000000s ]

[ 2016-02-28T14:29:24+08:00 ] 127.0.0.1 /bolg/server/public/wyj/index.php/User/index
INFO: [ route_check ] --START--
INFO: Run CheckRoute Behavior [ RunTime:0.001000s ]
INFO: [ route_check ] --END-- [ RunTime:0.002000s ]
INFO: [ app_begin ] --START--
INFO: Run ReadHtmlCache Behavior [ RunTime:0.001000s ]
INFO: [ app_begin ] --END-- [ RunTime:0.001000s ]

[ 2016-02-28T14:29:24+08:00 ] 127.0.0.1 /bolg/server/public/wyj/index.php/Blog/getHotLists
INFO: [ route_check ] --START--
INFO: Run CheckRoute Behavior [ RunTime:0.002000s ]
INFO: [ route_check ] --END-- [ RunTime:0.002000s ]
INFO: [ app_begin ] --START--
INFO: Run ReadHtmlCache Behavior [ RunTime:0.003001s ]
INFO: [ app_begin ] --END-- [ RunTime:0.003001s ]
SQL: SHOW COLUMNS FROM `blog` [ RunTime:0.123007s ]
SQL: SHOW COLUMNS FROM `blog` [ RunTime:0.004000s ]
SQL: SELECT * FROM `blog` WHERE ( `time` >= '2016-02-28 02:29:24' ) ORDER BY scan desc LIMIT 0,3   [ RunTime:0.000000s ]

[ 2016-02-28T14:29:38+08:00 ] 127.0.0.1 /bolg/server/public/wyj/index.php/User/index
INFO: [ route_check ] --START--
INFO: Run CheckRoute Behavior [ RunTime:0.001000s ]
INFO: [ route_check ] --END-- [ RunTime:0.002001s ]
INFO: [ app_begin ] --START--
INFO: Run ReadHtmlCache Behavior [ RunTime:0.001000s ]
INFO: [ app_begin ] --END-- [ RunTime:0.001000s ]

[ 2016-02-28T14:29:38+08:00 ] 127.0.0.1 /bolg/server/public/wyj/index.php/Blog/getHotLists
INFO: [ route_check ] --START--
INFO: Run CheckRoute Behavior [ RunTime:0.001000s ]
INFO: [ route_check ] --END-- [ RunTime:0.011000s ]
INFO: [ app_begin ] --START--
INFO: Run ReadHtmlCache Behavior [ RunTime:0.002000s ]
INFO: [ app_begin ] --END-- [ RunTime:0.003000s ]
SQL: SHOW COLUMNS FROM `blog` [ RunTime:0.001000s ]
SQL: SHOW COLUMNS FROM `blog` [ RunTime:0.002000s ]
SQL: SELECT * FROM `blog` WHERE ( `time` >= '2016-02-28 02:29:38' ) ORDER BY scan desc LIMIT 0,3   [ RunTime:0.000000s ]

[ 2016-02-28T14:29:38+08:00 ] 127.0.0.1 /bolg/server/public/wyj/index.php/User/login
INFO: [ route_check ] --START--
INFO: Run CheckRoute Behavior [ RunTime:0.005000s ]
INFO: [ route_check ] --END-- [ RunTime:0.005000s ]
INFO: [ app_begin ] --START--
INFO: Run ReadHtmlCache Behavior [ RunTime:0.001000s ]
INFO: [ app_begin ] --END-- [ RunTime:0.001000s ]
NOTIC: [2048] Declaration of UserModel::add() should be compatible with Model::add($data = '', $options = Array, $replace = false) D:\wamp\www\bolg\server\public\wyj\Lib\Model\UserModel.class.php 第 2 行.
SQL: SHOW COLUMNS FROM `user` [ RunTime:0.002000s ]
SQL: SHOW COLUMNS FROM `user` [ RunTime:0.002000s ]
SQL: SELECT `id` FROM `user` WHERE ( `name` = 'root' ) AND ( `pwd` = 'cust_webexam' )  [ RunTime:0.001000s ]
SQL: SELECT `id` FROM `user` WHERE ( `weihao` = 'root' ) AND ( `pwd` = 'cust_webexam' )  [ RunTime:0.000000s ]

[ 2016-02-28T14:29:50+08:00 ] 127.0.0.1 /bolg/server/public/wyj/index.php/User/login
INFO: [ route_check ] --START--
INFO: Run CheckRoute Behavior [ RunTime:0.000000s ]
INFO: [ route_check ] --END-- [ RunTime:0.000000s ]
INFO: [ app_begin ] --START--
INFO: Run ReadHtmlCache Behavior [ RunTime:0.001000s ]
INFO: [ app_begin ] --END-- [ RunTime:0.001000s ]
NOTIC: [2048] Declaration of UserModel::add() should be compatible with Model::add($data = '', $options = Array, $replace = false) D:\wamp\www\bolg\server\public\wyj\Lib\Model\UserModel.class.php 第 2 行.
SQL: SHOW COLUMNS FROM `user` [ RunTime:0.003001s ]
SQL: SHOW COLUMNS FROM `user` [ RunTime:0.002000s ]
SQL: SELECT `id` FROM `user` WHERE ( `name` = '950616' ) AND ( `pwd` = '950616' )  [ RunTime:0.001000s ]
SQL: SELECT `id` FROM `user` WHERE ( `weihao` = '950616' ) AND ( `pwd` = '950616' )  [ RunTime:0.000000s ]

[ 2016-02-28T14:29:51+08:00 ] 127.0.0.1 /bolg/server/public/wyj/index.php/User/index
INFO: [ route_check ] --START--
INFO: Run CheckRoute Behavior [ RunTime:0.002000s ]
INFO: [ route_check ] --END-- [ RunTime:0.002000s ]
INFO: [ app_begin ] --START--
INFO: Run ReadHtmlCache Behavior [ RunTime:0.001000s ]
INFO: [ app_begin ] --END-- [ RunTime:0.002000s ]
NOTIC: [2048] Declaration of UserModel::add() should be compatible with Model::add($data = '', $options = Array, $replace = false) D:\wamp\www\bolg\server\public\wyj\Lib\Model\UserModel.class.php 第 2 行.
SQL: SHOW COLUMNS FROM `user` [ RunTime:0.002000s ]
SQL: SHOW COLUMNS FROM `user` [ RunTime:0.003000s ]
SQL: SELECT `id`,`icon`,`weihao`,`name`,`count`,`scan`,`tags`,`time` FROM `user` WHERE ( id=1 )  [ RunTime:0.001000s ]
SQL: SHOW COLUMNS FROM `friend` [ RunTime:0.078005s ]
SQL: SELECT COUNT(*) AS tp_count FROM `friend` WHERE ( bgz_id=1 ) LIMIT 1   [ RunTime:0.000000s ]
SQL: SELECT COUNT(*) AS tp_count FROM `friend` WHERE ( gz_id=1 ) LIMIT 1   [ RunTime:0.001000s ]
SQL: SHOW COLUMNS FROM `reply` [ RunTime:0.028001s ]
SQL: SELECT COUNT(*) AS tp_count FROM `reply` WHERE ( `b_id` = 1 ) AND ( `type` = 1 ) LIMIT 1   [ RunTime:0.001000s ]
SQL: SHOW COLUMNS FROM `relative` [ RunTime:0.067004s ]
SQL: SELECT COUNT(*) AS tp_count FROM `relative` WHERE ( `xgr_id` = 1 ) AND ( `read` = 0 ) LIMIT 1   [ RunTime:0.000000s ]

[ 2016-02-28T14:29:51+08:00 ] 127.0.0.1 /bolg/server/public/wyj/index.php/Blog/getHotLists
INFO: [ route_check ] --START--
INFO: Run CheckRoute Behavior [ RunTime:0.004000s ]
INFO: [ route_check ] --END-- [ RunTime:0.004000s ]
INFO: [ app_begin ] --START--
INFO: Run ReadHtmlCache Behavior [ RunTime:0.002000s ]
INFO: [ app_begin ] --END-- [ RunTime:0.002000s ]
SQL: SHOW COLUMNS FROM `blog` [ RunTime:0.001000s ]
SQL: SHOW COLUMNS FROM `blog` [ RunTime:0.001000s ]
SQL: SELECT * FROM `blog` WHERE ( `time` >= '2016-02-28 02:29:51' ) ORDER BY scan desc LIMIT 0,3   [ RunTime:0.000000s ]

[ 2016-02-28T14:30:53+08:00 ] 127.0.0.1 /bolg/server/public/wyj/index.php/Blog/getHotLists
INFO: [ route_check ] --START--
INFO: Run CheckRoute Behavior [ RunTime:0.001000s ]
INFO: [ route_check ] --END-- [ RunTime:0.002000s ]
INFO: [ app_begin ] --START--
INFO: Run ReadHtmlCache Behavior [ RunTime:0.001000s ]
INFO: [ app_begin ] --END-- [ RunTime:0.002000s ]
SQL: SHOW COLUMNS FROM `blog` [ RunTime:0.004000s ]
SQL: SHOW COLUMNS FROM `blog` [ RunTime:0.002000s ]
SQL: SELECT * FROM `blog` WHERE ( `time` >= '2016-02-28 02:30:53' ) ORDER BY scan desc LIMIT 0,3   [ RunTime:0.001000s ]

[ 2016-02-28T14:30:53+08:00 ] 127.0.0.1 /bolg/server/public/wyj/index.php/User/index
INFO: [ route_check ] --START--
INFO: Run CheckRoute Behavior [ RunTime:0.001000s ]
INFO: [ route_check ] --END-- [ RunTime:0.002000s ]
INFO: [ app_begin ] --START--
INFO: Run ReadHtmlCache Behavior [ RunTime:0.001000s ]
INFO: [ app_begin ] --END-- [ RunTime:0.001000s ]
NOTIC: [2048] Declaration of UserModel::add() should be compatible with Model::add($data = '', $options = Array, $replace = false) D:\wamp\www\bolg\server\public\wyj\Lib\Model\UserModel.class.php 第 2 行.
SQL: SHOW COLUMNS FROM `user` [ RunTime:0.003000s ]
SQL: SHOW COLUMNS FROM `user` [ RunTime:0.002000s ]
SQL: SELECT `id`,`icon`,`weihao`,`name`,`count`,`scan`,`tags`,`time` FROM `user` WHERE ( id=1 )  [ RunTime:0.001000s ]
SQL: SHOW COLUMNS FROM `friend` [ RunTime:0.002000s ]
SQL: SELECT COUNT(*) AS tp_count FROM `friend` WHERE ( bgz_id=1 ) LIMIT 1   [ RunTime:0.000000s ]
SQL: SELECT COUNT(*) AS tp_count FROM `friend` WHERE ( gz_id=1 ) LIMIT 1   [ RunTime:0.001000s ]
SQL: SHOW COLUMNS FROM `reply` [ RunTime:0.004000s ]
SQL: SELECT COUNT(*) AS tp_count FROM `reply` WHERE ( `b_id` = 1 ) AND ( `type` = 1 ) LIMIT 1   [ RunTime:0.000000s ]
SQL: SHOW COLUMNS FROM `relative` [ RunTime:0.002000s ]
SQL: SELECT COUNT(*) AS tp_count FROM `relative` WHERE ( `xgr_id` = 1 ) AND ( `read` = 0 ) LIMIT 1   [ RunTime:0.001000s ]

[ 2016-02-28T14:30:56+08:00 ] 127.0.0.1 /bolg/server/public/wyj/index.php/User/index
INFO: [ route_check ] --START--
INFO: Run CheckRoute Behavior [ RunTime:0.001000s ]
INFO: [ route_check ] --END-- [ RunTime:0.002000s ]
INFO: [ app_begin ] --START--
INFO: Run ReadHtmlCache Behavior [ RunTime:0.002000s ]
INFO: [ app_begin ] --END-- [ RunTime:0.002000s ]
NOTIC: [2048] Declaration of UserModel::add() should be compatible with Model::add($data = '', $options = Array, $replace = false) D:\wamp\www\bolg\server\public\wyj\Lib\Model\UserModel.class.php 第 2 行.
SQL: SHOW COLUMNS FROM `user` [ RunTime:0.002000s ]
SQL: SHOW COLUMNS FROM `user` [ RunTime:0.001000s ]
SQL: SELECT `id`,`icon`,`weihao`,`name`,`count`,`scan`,`tags`,`time` FROM `user` WHERE ( id=1 )  [ RunTime:0.000000s ]
SQL: SHOW COLUMNS FROM `friend` [ RunTime:0.003000s ]
SQL: SELECT COUNT(*) AS tp_count FROM `friend` WHERE ( bgz_id=1 ) LIMIT 1   [ RunTime:0.001000s ]
SQL: SELECT COUNT(*) AS tp_count FROM `friend` WHERE ( gz_id=1 ) LIMIT 1   [ RunTime:0.000000s ]
SQL: SHOW COLUMNS FROM `reply` [ RunTime:0.001000s ]
SQL: SELECT COUNT(*) AS tp_count FROM `reply` WHERE ( `b_id` = 1 ) AND ( `type` = 1 ) LIMIT 1   [ RunTime:0.001000s ]
SQL: SHOW COLUMNS FROM `relative` [ RunTime:0.002000s ]
SQL: SELECT COUNT(*) AS tp_count FROM `relative` WHERE ( `xgr_id` = 1 ) AND ( `read` = 0 ) LIMIT 1   [ RunTime:0.000000s ]

[ 2016-02-28T14:30:56+08:00 ] 127.0.0.1 /bolg/server/public/wyj/index.php/Blog/getHotLists
INFO: [ route_check ] --START--
INFO: Run CheckRoute Behavior [ RunTime:0.002000s ]
INFO: [ route_check ] --END-- [ RunTime:0.003000s ]
INFO: [ app_begin ] --START--
INFO: Run ReadHtmlCache Behavior [ RunTime:0.001000s ]
INFO: [ app_begin ] --END-- [ RunTime:0.001000s ]
SQL: SHOW COLUMNS FROM `blog` [ RunTime:0.003000s ]
SQL: SHOW COLUMNS FROM `blog` [ RunTime:0.002000s ]
SQL: SELECT * FROM `blog` WHERE ( `time` >= '2016-02-28 02:30:56' ) ORDER BY scan desc LIMIT 0,3   [ RunTime:0.000000s ]

[ 2016-02-28T14:31:24+08:00 ] 127.0.0.1 /bolg/server/public/wyj/index.php/User/index
INFO: [ route_check ] --START--
INFO: Run CheckRoute Behavior [ RunTime:0.001000s ]
INFO: [ route_check ] --END-- [ RunTime:0.002000s ]
INFO: [ app_begin ] --START--
INFO: Run ReadHtmlCache Behavior [ RunTime:0.001000s ]
INFO: [ app_begin ] --END-- [ RunTime:0.002000s ]
NOTIC: [2048] Declaration of UserModel::add() should be compatible with Model::add($data = '', $options = Array, $replace = false) D:\wamp\www\bolg\server\public\wyj\Lib\Model\UserModel.class.php 第 2 行.
SQL: SHOW COLUMNS FROM `user` [ RunTime:0.002000s ]
SQL: SHOW COLUMNS FROM `user` [ RunTime:0.003000s ]
SQL: SELECT `id`,`icon`,`weihao`,`name`,`count`,`scan`,`tags`,`time` FROM `user` WHERE ( id=1 )  [ RunTime:0.000000s ]
SQL: SHOW COLUMNS FROM `friend` [ RunTime:0.002000s ]
SQL: SELECT COUNT(*) AS tp_count FROM `friend` WHERE ( bgz_id=1 ) LIMIT 1   [ RunTime:0.000000s ]
SQL: SELECT COUNT(*) AS tp_count FROM `friend` WHERE ( gz_id=1 ) LIMIT 1   [ RunTime:0.000000s ]
SQL: SHOW COLUMNS FROM `reply` [ RunTime:0.002001s ]
SQL: SELECT COUNT(*) AS tp_count FROM `reply` WHERE ( `b_id` = 1 ) AND ( `type` = 1 ) LIMIT 1   [ RunTime:0.000000s ]
SQL: SHOW COLUMNS FROM `relative` [ RunTime:0.003000s ]
SQL: SELECT COUNT(*) AS tp_count FROM `relative` WHERE ( `xgr_id` = 1 ) AND ( `read` = 0 ) LIMIT 1   [ RunTime:0.001000s ]

[ 2016-02-28T14:31:25+08:00 ] 127.0.0.1 /bolg/server/public/wyj/index.php/Blog/getHotLists
INFO: [ route_check ] --START--
INFO: Run CheckRoute Behavior [ RunTime:0.001000s ]
INFO: [ route_check ] --END-- [ RunTime:0.001000s ]
INFO: [ app_begin ] --START--
INFO: Run ReadHtmlCache Behavior [ RunTime:0.001000s ]
INFO: [ app_begin ] --END-- [ RunTime:0.001000s ]
SQL: SHOW COLUMNS FROM `blog` [ RunTime:0.005001s ]
SQL: SHOW COLUMNS FROM `blog` [ RunTime:0.003000s ]
SQL: SELECT * FROM `blog` WHERE ( `time` >= '2016-02-28 02:31:25' ) ORDER BY scan desc LIMIT 0,3   [ RunTime:0.011001s ]

[ 2016-02-28T14:31:25+08:00 ] 127.0.0.1 /bolg/server/public/wyj/index.php/User/index
INFO: [ route_check ] --START--
INFO: Run CheckRoute Behavior [ RunTime:0.001000s ]
INFO: [ route_check ] --END-- [ RunTime:0.002000s ]
INFO: [ app_begin ] --START--
INFO: Run ReadHtmlCache Behavior [ RunTime:0.000000s ]
INFO: [ app_begin ] --END-- [ RunTime:0.001000s ]
NOTIC: [2048] Declaration of UserModel::add() should be compatible with Model::add($data = '', $options = Array, $replace = false) D:\wamp\www\bolg\server\public\wyj\Lib\Model\UserModel.class.php 第 2 行.
SQL: SHOW COLUMNS FROM `user` [ RunTime:0.002000s ]
SQL: SHOW COLUMNS FROM `user` [ RunTime:0.002000s ]
SQL: SELECT `id`,`icon`,`weihao`,`name`,`count`,`scan`,`tags`,`time` FROM `user` WHERE ( id=1 )  [ RunTime:0.000000s ]
SQL: SHOW COLUMNS FROM `friend` [ RunTime:0.003000s ]
SQL: SELECT COUNT(*) AS tp_count FROM `friend` WHERE ( bgz_id=1 ) LIMIT 1   [ RunTime:0.000000s ]
SQL: SELECT COUNT(*) AS tp_count FROM `friend` WHERE ( gz_id=1 ) LIMIT 1   [ RunTime:0.000000s ]
SQL: SHOW COLUMNS FROM `reply` [ RunTime:0.002001s ]
SQL: SELECT COUNT(*) AS tp_count FROM `reply` WHERE ( `b_id` = 1 ) AND ( `type` = 1 ) LIMIT 1   [ RunTime:0.000000s ]
SQL: SHOW COLUMNS FROM `relative` [ RunTime:0.002000s ]
SQL: SELECT COUNT(*) AS tp_count FROM `relative` WHERE ( `xgr_id` = 1 ) AND ( `read` = 0 ) LIMIT 1   [ RunTime:0.000000s ]

[ 2016-02-28T14:31:25+08:00 ] 127.0.0.1 /bolg/server/public/wyj/index.php/Blog/getHotLists
INFO: [ route_check ] --START--
INFO: Run CheckRoute Behavior [ RunTime:0.002000s ]
INFO: [ route_check ] --END-- [ RunTime:0.003000s ]
INFO: [ app_begin ] --START--
INFO: Run ReadHtmlCache Behavior [ RunTime:0.001000s ]
INFO: [ app_begin ] --END-- [ RunTime:0.002000s ]
SQL: SHOW COLUMNS FROM `blog` [ RunTime:0.004000s ]
SQL: SHOW COLUMNS FROM `blog` [ RunTime:0.002001s ]
SQL: SELECT * FROM `blog` WHERE ( `time` >= '2016-02-28 02:31:25' ) ORDER BY scan desc LIMIT 0,3   [ RunTime:0.000000s ]

[ 2016-02-28T14:37:43+08:00 ] 127.0.0.1 /bolg/server/public/wyj/index.php/User/index
INFO: [ route_check ] --START--
INFO: Run CheckRoute Behavior [ RunTime:0.002000s ]
INFO: [ route_check ] --END-- [ RunTime:0.002000s ]
INFO: [ app_begin ] --START--
INFO: Run ReadHtmlCache Behavior [ RunTime:0.001000s ]
INFO: [ app_begin ] --END-- [ RunTime:0.001000s ]
NOTIC: [2048] Declaration of UserModel::add() should be compatible with Model::add($data = '', $options = Array, $replace = false) D:\wamp\www\bolg\server\public\wyj\Lib\Model\UserModel.class.php 第 2 行.
SQL: SHOW COLUMNS FROM `user` [ RunTime:0.003000s ]
SQL: SHOW COLUMNS FROM `user` [ RunTime:0.003000s ]
SQL: SELECT `id`,`icon`,`weihao`,`name`,`count`,`scan`,`tags`,`time` FROM `user` WHERE ( id=1 )  [ RunTime:0.000000s ]
SQL: SHOW COLUMNS FROM `friend` [ RunTime:0.002000s ]
SQL: SELECT COUNT(*) AS tp_count FROM `friend` WHERE ( bgz_id=1 ) LIMIT 1   [ RunTime:0.001000s ]
SQL: SELECT COUNT(*) AS tp_count FROM `friend` WHERE ( gz_id=1 ) LIMIT 1   [ RunTime:0.000000s ]
SQL: SHOW COLUMNS FROM `reply` [ RunTime:0.002000s ]
SQL: SELECT COUNT(*) AS tp_count FROM `reply` WHERE ( `b_id` = 1 ) AND ( `type` = 1 ) LIMIT 1   [ RunTime:0.001000s ]
SQL: SHOW COLUMNS FROM `relative` [ RunTime:0.003000s ]
SQL: SELECT COUNT(*) AS tp_count FROM `relative` WHERE ( `xgr_id` = 1 ) AND ( `read` = 0 ) LIMIT 1   [ RunTime:0.001000s ]

[ 2016-02-28T14:37:43+08:00 ] 127.0.0.1 /bolg/server/public/wyj/index.php/Blog/getHotLists
INFO: [ route_check ] --START--
INFO: Run CheckRoute Behavior [ RunTime:0.002000s ]
INFO: [ route_check ] --END-- [ RunTime:0.002000s ]
INFO: [ app_begin ] --START--
INFO: Run ReadHtmlCache Behavior [ RunTime:0.001000s ]
INFO: [ app_begin ] --END-- [ RunTime:0.002000s ]
SQL: SHOW COLUMNS FROM `blog` [ RunTime:0.003000s ]
SQL: SHOW COLUMNS FROM `blog` [ RunTime:0.002000s ]
SQL: SELECT * FROM `blog` WHERE ( `time` >= '2016-02-28 02:37:43' ) ORDER BY scan desc LIMIT 0,3   [ RunTime:0.000000s ]

[ 2016-02-28T14:38:56+08:00 ] 127.0.0.1 /bolg/server/public/wyj/index.php/Blog/getHotLists
INFO: [ route_check ] --START--
INFO: Run CheckRoute Behavior [ RunTime:0.002001s ]
INFO: [ route_check ] --END-- [ RunTime:0.002001s ]
INFO: [ app_begin ] --START--
INFO: Run ReadHtmlCache Behavior [ RunTime:0.001000s ]
INFO: [ app_begin ] --END-- [ RunTime:0.002000s ]
SQL: SHOW COLUMNS FROM `blog` [ RunTime:0.003001s ]
SQL: SHOW COLUMNS FROM `blog` [ RunTime:0.003000s ]
SQL: SELECT * FROM `blog` WHERE ( `time` >= '2016-02-28 02:38:56' ) ORDER BY scan desc LIMIT 0,3   [ RunTime:0.002000s ]

[ 2016-02-28T14:38:56+08:00 ] 127.0.0.1 /bolg/server/public/wyj/index.php/User/index
INFO: [ route_check ] --START--
INFO: Run CheckRoute Behavior [ RunTime:0.001000s ]
INFO: [ route_check ] --END-- [ RunTime:0.003001s ]
INFO: [ app_begin ] --START--
INFO: Run ReadHtmlCache Behavior [ RunTime:0.001000s ]
INFO: [ app_begin ] --END-- [ RunTime:0.001000s ]
NOTIC: [2048] Declaration of UserModel::add() should be compatible with Model::add($data = '', $options = Array, $replace = false) D:\wamp\www\bolg\server\public\wyj\Lib\Model\UserModel.class.php 第 2 行.
SQL: SHOW COLUMNS FROM `user` [ RunTime:0.016001s ]
SQL: SHOW COLUMNS FROM `user` [ RunTime:0.002001s ]
SQL: SELECT `id`,`icon`,`weihao`,`name`,`count`,`scan`,`tags`,`time` FROM `user` WHERE ( id=1 )  [ RunTime:0.000000s ]
SQL: SHOW COLUMNS FROM `friend` [ RunTime:0.003000s ]
SQL: SELECT COUNT(*) AS tp_count FROM `friend` WHERE ( bgz_id=1 ) LIMIT 1   [ RunTime:0.000000s ]
SQL: SELECT COUNT(*) AS tp_count FROM `friend` WHERE ( gz_id=1 ) LIMIT 1   [ RunTime:0.001000s ]
SQL: SHOW COLUMNS FROM `reply` [ RunTime:0.002000s ]
SQL: SELECT COUNT(*) AS tp_count FROM `reply` WHERE ( `b_id` = 1 ) AND ( `type` = 1 ) LIMIT 1   [ RunTime:0.001000s ]
SQL: SHOW COLUMNS FROM `relative` [ RunTime:0.003001s ]
SQL: SELECT COUNT(*) AS tp_count FROM `relative` WHERE ( `xgr_id` = 1 ) AND ( `read` = 0 ) LIMIT 1   [ RunTime:0.001000s ]

[ 2016-02-28T14:40:13+08:00 ] 127.0.0.1 /bolg/server/public/wyj/index.php/User/index
INFO: [ route_check ] --START--
INFO: Run CheckRoute Behavior [ RunTime:0.002000s ]
INFO: [ route_check ] --END-- [ RunTime:0.002000s ]
INFO: [ app_begin ] --START--
INFO: Run ReadHtmlCache Behavior [ RunTime:0.002000s ]
INFO: [ app_begin ] --END-- [ RunTime:0.002000s ]
NOTIC: [2048] Declaration of UserModel::add() should be compatible with Model::add($data = '', $options = Array, $replace = false) D:\wamp\www\bolg\server\public\wyj\Lib\Model\UserModel.class.php 第 2 行.
SQL: SHOW COLUMNS FROM `user` [ RunTime:0.003000s ]
SQL: SHOW COLUMNS FROM `user` [ RunTime:0.002000s ]
SQL: SELECT `id`,`icon`,`weihao`,`name`,`count`,`scan`,`tags`,`time` FROM `user` WHERE ( id=1 )  [ RunTime:0.000000s ]
SQL: SHOW COLUMNS FROM `friend` [ RunTime:0.003000s ]
SQL: SELECT COUNT(*) AS tp_count FROM `friend` WHERE ( bgz_id=1 ) LIMIT 1   [ RunTime:0.000000s ]
SQL: SELECT COUNT(*) AS tp_count FROM `friend` WHERE ( gz_id=1 ) LIMIT 1   [ RunTime:0.000000s ]
SQL: SHOW COLUMNS FROM `reply` [ RunTime:0.002000s ]
SQL: SELECT COUNT(*) AS tp_count FROM `reply` WHERE ( `b_id` = 1 ) AND ( `type` = 1 ) LIMIT 1   [ RunTime:0.000000s ]
SQL: SHOW COLUMNS FROM `relative` [ RunTime:0.002000s ]
SQL: SELECT COUNT(*) AS tp_count FROM `relative` WHERE ( `xgr_id` = 1 ) AND ( `read` = 0 ) LIMIT 1   [ RunTime:0.001000s ]

[ 2016-02-28T14:40:13+08:00 ] 127.0.0.1 /bolg/server/public/wyj/index.php/Blog/getHotLists
INFO: [ route_check ] --START--
INFO: Run CheckRoute Behavior [ RunTime:0.001001s ]
INFO: [ route_check ] --END-- [ RunTime:0.002001s ]
INFO: [ app_begin ] --START--
INFO: Run ReadHtmlCache Behavior [ RunTime:0.001000s ]
INFO: [ app_begin ] --END-- [ RunTime:0.002000s ]
SQL: SHOW COLUMNS FROM `blog` [ RunTime:0.002000s ]
SQL: SHOW COLUMNS FROM `blog` [ RunTime:0.003001s ]
SQL: SELECT * FROM `blog` WHERE ( `time` >= '2016-02-28 02:40:13' ) ORDER BY scan desc LIMIT 0,3   [ RunTime:0.000000s ]

[ 2016-02-28T15:12:48+08:00 ] 127.0.0.1 /bolg/server/public/wyj/index.php/User/getOneUser
INFO: [ route_check ] --START--
INFO: Run CheckRoute Behavior [ RunTime:0.002000s ]
INFO: [ route_check ] --END-- [ RunTime:0.002000s ]
INFO: [ app_begin ] --START--
INFO: Run ReadHtmlCache Behavior [ RunTime:0.001000s ]
INFO: [ app_begin ] --END-- [ RunTime:0.001000s ]
NOTIC: [2048] Declaration of UserModel::add() should be compatible with Model::add($data = '', $options = Array, $replace = false) D:\wamp\www\bolg\server\public\wyj\Lib\Model\UserModel.class.php 第 2 行.
SQL: SHOW COLUMNS FROM `user` [ RunTime:0.003000s ]
SQL: SHOW COLUMNS FROM `user` [ RunTime:0.008000s ]
SQL: SELECT `id`,`icon`,`weihao`,`name`,`count`,`scan`,`tags`,`time` FROM `user` WHERE ( id=1 )  [ RunTime:0.002000s ]

[ 2016-02-28T15:12:48+08:00 ] 127.0.0.1 /bolg/server/public/wyj/index.php/Blog/getLeavewordList
INFO: [ route_check ] --START--
INFO: Run CheckRoute Behavior [ RunTime:0.002000s ]
INFO: [ route_check ] --END-- [ RunTime:0.002000s ]
INFO: [ app_begin ] --START--
INFO: Run ReadHtmlCache Behavior [ RunTime:0.002000s ]
INFO: [ app_begin ] --END-- [ RunTime:0.002000s ]
SQL: SHOW COLUMNS FROM `blog` [ RunTime:0.003000s ]
SQL: SHOW COLUMNS FROM `reply` [ RunTime:0.002000s ]
SQL: SELECT `author`,`content`,`time` FROM `reply` WHERE ( `b_id` = 1 ) AND ( `type` = 1 ) ORDER BY time desc LIMIT 0,6   [ RunTime:0.001000s ]
NOTIC: [2048] Declaration of UserModel::add() should be compatible with Model::add($data = '', $options = Array, $replace = false) D:\wamp\www\bolg\server\public\wyj\Lib\Model\UserModel.class.php 第 100 行.
SQL: SHOW COLUMNS FROM `user` [ RunTime:0.005000s ]
SQL: SHOW COLUMNS FROM `user` [ RunTime:0.002000s ]
SQL: SELECT `id`,`icon`,`weihao`,`name`,`count`,`scan`,`tags`,`time` FROM `user` WHERE ( id=3 )  [ RunTime:0.000000s ]
SQL: SELECT `id`,`icon`,`weihao`,`name`,`count`,`scan`,`tags`,`time` FROM `user` WHERE ( id=3 )  [ RunTime:0.001000s ]
SQL: SELECT `id`,`icon`,`weihao`,`name`,`count`,`scan`,`tags`,`time` FROM `user` WHERE ( id=3 )  [ RunTime:0.000000s ]
SQL: SELECT `id`,`icon`,`weihao`,`name`,`count`,`scan`,`tags`,`time` FROM `user` WHERE ( id=3 )  [ RunTime:0.001000s ]
SQL: SELECT `id`,`icon`,`weihao`,`name`,`count`,`scan`,`tags`,`time` FROM `user` WHERE ( id=3 )  [ RunTime:0.000000s ]
SQL: SELECT `id`,`icon`,`weihao`,`name`,`count`,`scan`,`tags`,`time` FROM `user` WHERE ( id=3 )  [ RunTime:0.000000s ]

[ 2016-02-28T15:13:58+08:00 ] 127.0.0.1 /bolg/server/public/wyj/index.php/User/getOneUser
INFO: [ route_check ] --START--
INFO: Run CheckRoute Behavior [ RunTime:0.002000s ]
INFO: [ route_check ] --END-- [ RunTime:0.002000s ]
INFO: [ app_begin ] --START--
INFO: Run ReadHtmlCache Behavior [ RunTime:0.001000s ]
INFO: [ app_begin ] --END-- [ RunTime:0.001000s ]
NOTIC: [2048] Declaration of UserModel::add() should be compatible with Model::add($data = '', $options = Array, $replace = false) D:\wamp\www\bolg\server\public\wyj\Lib\Model\UserModel.class.php 第 2 行.
SQL: SHOW COLUMNS FROM `user` [ RunTime:0.003000s ]
SQL: SHOW COLUMNS FROM `user` [ RunTime:0.011001s ]
SQL: SELECT `id`,`icon`,`weihao`,`name`,`count`,`scan`,`tags`,`time` FROM `user` WHERE ( id=1 )  [ RunTime:0.000000s ]

[ 2016-02-28T15:13:58+08:00 ] 127.0.0.1 /bolg/server/public/wyj/index.php/Blog/getLeavewordList
INFO: [ route_check ] --START--
INFO: Run CheckRoute Behavior [ RunTime:0.002000s ]
INFO: [ route_check ] --END-- [ RunTime:0.002000s ]
INFO: [ app_begin ] --START--
INFO: Run ReadHtmlCache Behavior [ RunTime:0.001000s ]
INFO: [ app_begin ] --END-- [ RunTime:0.001000s ]
SQL: SHOW COLUMNS FROM `blog` [ RunTime:0.006000s ]
SQL: SHOW COLUMNS FROM `reply` [ RunTime:0.003000s ]
SQL: SELECT `author`,`content`,`time` FROM `reply` WHERE ( `b_id` = 1 ) AND ( `type` = 1 ) ORDER BY time desc LIMIT 0,6   [ RunTime:0.001000s ]
NOTIC: [2048] Declaration of UserModel::add() should be compatible with Model::add($data = '', $options = Array, $replace = false) D:\wamp\www\bolg\server\public\wyj\Lib\Model\UserModel.class.php 第 100 行.
SQL: SHOW COLUMNS FROM `user` [ RunTime:0.002000s ]
SQL: SHOW COLUMNS FROM `user` [ RunTime:0.003001s ]
SQL: SELECT `id`,`icon`,`weihao`,`name`,`count`,`scan`,`tags`,`time` FROM `user` WHERE ( id=3 )  [ RunTime:0.001000s ]
SQL: SELECT `id`,`icon`,`weihao`,`name`,`count`,`scan`,`tags`,`time` FROM `user` WHERE ( id=3 )  [ RunTime:0.000000s ]
SQL: SELECT `id`,`icon`,`weihao`,`name`,`count`,`scan`,`tags`,`time` FROM `user` WHERE ( id=3 )  [ RunTime:0.001000s ]
SQL: SELECT `id`,`icon`,`weihao`,`name`,`count`,`scan`,`tags`,`time` FROM `user` WHERE ( id=3 )  [ RunTime:0.000000s ]
SQL: SELECT `id`,`icon`,`weihao`,`name`,`count`,`scan`,`tags`,`time` FROM `user` WHERE ( id=3 )  [ RunTime:0.001000s ]
SQL: SELECT `id`,`icon`,`weihao`,`name`,`count`,`scan`,`tags`,`time` FROM `user` WHERE ( id=3 )  [ RunTime:0.000000s ]

[ 2016-02-28T18:23:07+08:00 ] 127.0.0.1 /bolg/server/public/wyj/index.php/Blog/getLeavewordList
INFO: [ route_check ] --START--
INFO: Run CheckRoute Behavior [ RunTime:0.002000s ]
INFO: [ route_check ] --END-- [ RunTime:0.002000s ]
INFO: [ app_begin ] --START--
INFO: Run ReadHtmlCache Behavior [ RunTime:0.002000s ]
INFO: [ app_begin ] --END-- [ RunTime:0.002000s ]
SQL: SHOW COLUMNS FROM `blog` [ RunTime:0.011000s ]
SQL: SHOW COLUMNS FROM `reply` [ RunTime:0.009001s ]
SQL: SELECT `author`,`content`,`time` FROM `reply` WHERE ( `b_id` = 1 ) AND ( `type` = 1 ) ORDER BY time desc LIMIT 0,6   [ RunTime:0.016001s ]
NOTIC: [2048] Declaration of UserModel::add() should be compatible with Model::add($data = '', $options = Array, $replace = false) D:\wamp\www\bolg\server\public\wyj\Lib\Model\UserModel.class.php 第 100 行.
SQL: SHOW COLUMNS FROM `user` [ RunTime:0.007001s ]
SQL: SHOW COLUMNS FROM `user` [ RunTime:0.013000s ]
SQL: SELECT `id`,`icon`,`weihao`,`name`,`count`,`scan`,`tags`,`time` FROM `user` WHERE ( id=3 )  [ RunTime:0.004001s ]
SQL: SELECT `id`,`icon`,`weihao`,`name`,`count`,`scan`,`tags`,`time` FROM `user` WHERE ( id=3 )  [ RunTime:0.002000s ]
SQL: SELECT `id`,`icon`,`weihao`,`name`,`count`,`scan`,`tags`,`time` FROM `user` WHERE ( id=3 )  [ RunTime:0.000000s ]
SQL: SELECT `id`,`icon`,`weihao`,`name`,`count`,`scan`,`tags`,`time` FROM `user` WHERE ( id=3 )  [ RunTime:0.000000s ]
SQL: SELECT `id`,`icon`,`weihao`,`name`,`count`,`scan`,`tags`,`time` FROM `user` WHERE ( id=3 )  [ RunTime:0.001000s ]
SQL: SELECT `id`,`icon`,`weihao`,`name`,`count`,`scan`,`tags`,`time` FROM `user` WHERE ( id=3 )  [ RunTime:0.000000s ]

[ 2016-02-28T18:23:07+08:00 ] 127.0.0.1 /bolg/server/public/wyj/index.php/User/getOneUser
INFO: [ route_check ] --START--
INFO: Run CheckRoute Behavior [ RunTime:0.001000s ]
INFO: [ route_check ] --END-- [ RunTime:0.002000s ]
INFO: [ app_begin ] --START--
INFO: Run ReadHtmlCache Behavior [ RunTime:0.002000s ]
INFO: [ app_begin ] --END-- [ RunTime:0.002000s ]
NOTIC: [2048] Declaration of UserModel::add() should be compatible with Model::add($data = '', $options = Array, $replace = false) D:\wamp\www\bolg\server\public\wyj\Lib\Model\UserModel.class.php 第 2 行.
SQL: SHOW COLUMNS FROM `user` [ RunTime:0.002000s ]
SQL: SHOW COLUMNS FROM `user` [ RunTime:0.003000s ]
SQL: SELECT `id`,`icon`,`weihao`,`name`,`count`,`scan`,`tags`,`time` FROM `user` WHERE ( id=1 )  [ RunTime:0.001000s ]

[ 2016-02-28T18:23:23+08:00 ] 127.0.0.1 /bolg/server/public/wyj/index.php/User/getOneUser
INFO: [ route_check ] --START--
INFO: Run CheckRoute Behavior [ RunTime:0.001000s ]
INFO: [ route_check ] --END-- [ RunTime:0.001000s ]
INFO: [ app_begin ] --START--
INFO: Run ReadHtmlCache Behavior [ RunTime:0.001001s ]
INFO: [ app_begin ] --END-- [ RunTime:0.002001s ]
NOTIC: [2048] Declaration of UserModel::add() should be compatible with Model::add($data = '', $options = Array, $replace = false) D:\wamp\www\bolg\server\public\wyj\Lib\Model\UserModel.class.php 第 2 行.
SQL: SHOW COLUMNS FROM `user` [ RunTime:0.002000s ]
SQL: SHOW COLUMNS FROM `user` [ RunTime:0.003000s ]
SQL: SELECT `id`,`icon`,`weihao`,`name`,`count`,`scan`,`tags`,`time` FROM `user` WHERE ( id=1 )  [ RunTime:0.000000s ]

[ 2016-02-28T18:23:23+08:00 ] 127.0.0.1 /bolg/server/public/wyj/index.php/Blog/getLeavewordList
INFO: [ route_check ] --START--
INFO: Run CheckRoute Behavior [ RunTime:0.001001s ]
INFO: [ route_check ] --END-- [ RunTime:0.001001s ]
INFO: [ app_begin ] --START--
INFO: Run ReadHtmlCache Behavior [ RunTime:0.001000s ]
INFO: [ app_begin ] --END-- [ RunTime:0.002000s ]
SQL: SHOW COLUMNS FROM `blog` [ RunTime:0.002000s ]
SQL: SHOW COLUMNS FROM `reply` [ RunTime:0.003000s ]
SQL: SELECT `author`,`content`,`time` FROM `reply` WHERE ( `b_id` = 1 ) AND ( `type` = 1 ) ORDER BY time desc LIMIT 0,6   [ RunTime:0.001000s ]
NOTIC: [2048] Declaration of UserModel::add() should be compatible with Model::add($data = '', $options = Array, $replace = false) D:\wamp\www\bolg\server\public\wyj\Lib\Model\UserModel.class.php 第 100 行.
SQL: SHOW COLUMNS FROM `user` [ RunTime:0.002001s ]
SQL: SHOW COLUMNS FROM `user` [ RunTime:0.003000s ]
SQL: SELECT `id`,`icon`,`weihao`,`name`,`count`,`scan`,`tags`,`time` FROM `user` WHERE ( id=3 )  [ RunTime:0.000000s ]
SQL: SELECT `id`,`icon`,`weihao`,`name`,`count`,`scan`,`tags`,`time` FROM `user` WHERE ( id=3 )  [ RunTime:0.000000s ]
SQL: SELECT `id`,`icon`,`weihao`,`name`,`count`,`scan`,`tags`,`time` FROM `user` WHERE ( id=3 )  [ RunTime:0.000000s ]
SQL: SELECT `id`,`icon`,`weihao`,`name`,`count`,`scan`,`tags`,`time` FROM `user` WHERE ( id=3 )  [ RunTime:0.000000s ]
SQL: SELECT `id`,`icon`,`weihao`,`name`,`count`,`scan`,`tags`,`time` FROM `user` WHERE ( id=3 )  [ RunTime:0.001000s ]
SQL: SELECT `id`,`icon`,`weihao`,`name`,`count`,`scan`,`tags`,`time` FROM `user` WHERE ( id=3 )  [ RunTime:0.000000s ]

[ 2016-02-28T18:43:33+08:00 ] 127.0.0.1 /bolg/server/public/wyj/index.php/Blog/getLeavewordList
INFO: [ route_check ] --START--
INFO: Run CheckRoute Behavior [ RunTime:0.001000s ]
INFO: [ route_check ] --END-- [ RunTime:0.001000s ]
INFO: [ app_begin ] --START--
INFO: Run ReadHtmlCache Behavior [ RunTime:0.002000s ]
INFO: [ app_begin ] --END-- [ RunTime:0.002000s ]
SQL: SHOW COLUMNS FROM `blog` [ RunTime:0.002000s ]
SQL: SHOW COLUMNS FROM `reply` [ RunTime:0.002000s ]
SQL: SELECT `author`,`content`,`time` FROM `reply` WHERE ( `b_id` = 1 ) AND ( `type` = 1 ) ORDER BY time desc LIMIT 6,6   [ RunTime:0.000000s ]
NOTIC: [2048] Declaration of UserModel::add() should be compatible with Model::add($data = '', $options = Array, $replace = false) D:\wamp\www\bolg\server\public\wyj\Lib\Model\UserModel.class.php 第 100 行.
SQL: SHOW COLUMNS FROM `user` [ RunTime:0.003000s ]
SQL: SHOW COLUMNS FROM `user` [ RunTime:0.002001s ]
SQL: SELECT `id`,`icon`,`weihao`,`name`,`count`,`scan`,`tags`,`time` FROM `user` WHERE ( id=3 )  [ RunTime:0.000000s ]
SQL: SELECT `id`,`icon`,`weihao`,`name`,`count`,`scan`,`tags`,`time` FROM `user` WHERE ( id=3 )  [ RunTime:0.001000s ]
SQL: SELECT `id`,`icon`,`weihao`,`name`,`count`,`scan`,`tags`,`time` FROM `user` WHERE ( id=3 )  [ RunTime:0.000000s ]
SQL: SELECT `id`,`icon`,`weihao`,`name`,`count`,`scan`,`tags`,`time` FROM `user` WHERE ( id=3 )  [ RunTime:0.000000s ]
SQL: SELECT `id`,`icon`,`weihao`,`name`,`count`,`scan`,`tags`,`time` FROM `user` WHERE ( id=1 )  [ RunTime:0.000000s ]
SQL: SELECT `id`,`icon`,`weihao`,`name`,`count`,`scan`,`tags`,`time` FROM `user` WHERE ( id=1 )  [ RunTime:0.000000s ]

[ 2016-02-28T18:43:35+08:00 ] 127.0.0.1 /bolg/server/public/wyj/index.php/Blog/getLeavewordList
INFO: [ route_check ] --START--
INFO: Run CheckRoute Behavior [ RunTime:0.001000s ]
INFO: [ route_check ] --END-- [ RunTime:0.001000s ]
INFO: [ app_begin ] --START--
INFO: Run ReadHtmlCache Behavior [ RunTime:0.001000s ]
INFO: [ app_begin ] --END-- [ RunTime:0.001000s ]
SQL: SHOW COLUMNS FROM `blog` [ RunTime:0.018001s ]
SQL: SHOW COLUMNS FROM `reply` [ RunTime:0.002000s ]
SQL: SELECT `author`,`content`,`time` FROM `reply` WHERE ( `b_id` = 1 ) AND ( `type` = 1 ) ORDER BY time desc LIMIT 12,6   [ RunTime:0.002000s ]
NOTIC: [2048] Declaration of UserModel::add() should be compatible with Model::add($data = '', $options = Array, $replace = false) D:\wamp\www\bolg\server\public\wyj\Lib\Model\UserModel.class.php 第 100 行.
SQL: SHOW COLUMNS FROM `user` [ RunTime:0.011001s ]
SQL: SHOW COLUMNS FROM `user` [ RunTime:0.007000s ]
SQL: SELECT `id`,`icon`,`weihao`,`name`,`count`,`scan`,`tags`,`time` FROM `user` WHERE ( id=1 )  [ RunTime:0.008000s ]
SQL: SELECT `id`,`icon`,`weihao`,`name`,`count`,`scan`,`tags`,`time` FROM `user` WHERE ( id=2 )  [ RunTime:0.017001s ]

[ 2016-02-28T18:43:37+08:00 ] 127.0.0.1 /bolg/server/public/wyj/index.php/Blog/getLeavewordList
INFO: [ route_check ] --START--
INFO: Run CheckRoute Behavior [ RunTime:0.003000s ]
INFO: [ route_check ] --END-- [ RunTime:0.003000s ]
INFO: [ app_begin ] --START--
INFO: Run ReadHtmlCache Behavior [ RunTime:0.001000s ]
INFO: [ app_begin ] --END-- [ RunTime:0.002001s ]
SQL: SHOW COLUMNS FROM `blog` [ RunTime:0.002000s ]
SQL: SHOW COLUMNS FROM `reply` [ RunTime:0.003000s ]
SQL: SELECT `author`,`content`,`time` FROM `reply` WHERE ( `b_id` = 1 ) AND ( `type` = 1 ) ORDER BY time desc LIMIT 18,6   [ RunTime:0.000000s ]
NOTIC: [2048] Declaration of UserModel::add() should be compatible with Model::add($data = '', $options = Array, $replace = false) D:\wamp\www\bolg\server\public\wyj\Lib\Model\UserModel.class.php 第 100 行.
SQL: SHOW COLUMNS FROM `user` [ RunTime:0.003000s ]
NOTIC: [8] Undefined variable: result D:\wamp\www\bolg\server\public\wyj\Lib\Model\BlogModel.class.php 第 43 行.

[ 2016-02-28T18:43:39+08:00 ] 127.0.0.1 /bolg/server/public/wyj/index.php/Blog/getLeavewordList
INFO: [ route_check ] --START--
INFO: Run CheckRoute Behavior [ RunTime:0.001000s ]
INFO: [ route_check ] --END-- [ RunTime:0.001000s ]
INFO: [ app_begin ] --START--
INFO: Run ReadHtmlCache Behavior [ RunTime:0.001000s ]
INFO: [ app_begin ] --END-- [ RunTime:0.001000s ]
SQL: SHOW COLUMNS FROM `blog` [ RunTime:0.002000s ]
SQL: SHOW COLUMNS FROM `reply` [ RunTime:0.002000s ]
SQL: SELECT `author`,`content`,`time` FROM `reply` WHERE ( `b_id` = 1 ) AND ( `type` = 1 ) ORDER BY time desc LIMIT -6,6   [ RunTime:0.045002s ]
ERR: 1064:You have an error in your SQL syntax; check the manual that corresponds to your MySQL server version for the right syntax to use near '-6,6' at line 1
 [ SQL语句 ] : SELECT `author`,`content`,`time` FROM `reply` WHERE ( `b_id` = 1 ) AND ( `type` = 1 ) ORDER BY time desc LIMIT -6,6  
NOTIC: [2048] Declaration of UserModel::add() should be compatible with Model::add($data = '', $options = Array, $replace = false) D:\wamp\www\bolg\server\public\wyj\Lib\Model\UserModel.class.php 第 100 行.
SQL: SHOW COLUMNS FROM `user` [ RunTime:0.009001s ]
SQL: SHOW COLUMNS FROM `user` [ RunTime:0.004000s ]
SQL: SELECT `id`,`icon`,`weihao`,`name`,`count`,`scan`,`tags`,`time` FROM `user` WHERE ( id= )  [ RunTime:0.000000s ]
ERR: 1064:You have an error in your SQL syntax; check the manual that corresponds to your MySQL server version for the right syntax to use near ')' at line 1
 [ SQL语句 ] : SELECT `id`,`icon`,`weihao`,`name`,`count`,`scan`,`tags`,`time` FROM `user` WHERE ( id= ) 

[ 2016-02-28T18:46:41+08:00 ] 127.0.0.1 /bolg/server/public/wyj/index.php/User/index
INFO: [ route_check ] --START--
INFO: Run CheckRoute Behavior [ RunTime:0.001000s ]
INFO: [ route_check ] --END-- [ RunTime:0.002000s ]
INFO: [ app_begin ] --START--
INFO: Run ReadHtmlCache Behavior [ RunTime:0.001000s ]
INFO: [ app_begin ] --END-- [ RunTime:0.002000s ]
NOTIC: [2048] Declaration of UserModel::add() should be compatible with Model::add($data = '', $options = Array, $replace = false) D:\wamp\www\bolg\server\public\wyj\Lib\Model\UserModel.class.php 第 2 行.
SQL: SHOW COLUMNS FROM `user` [ RunTime:0.003000s ]
SQL: SHOW COLUMNS FROM `user` [ RunTime:0.004000s ]
SQL: SELECT `id`,`icon`,`weihao`,`name`,`count`,`scan`,`tags`,`time` FROM `user` WHERE ( id=1 )  [ RunTime:0.009000s ]
SQL: SHOW COLUMNS FROM `friend` [ RunTime:0.003000s ]
SQL: SELECT COUNT(*) AS tp_count FROM `friend` WHERE ( bgz_id=1 ) LIMIT 1   [ RunTime:0.014001s ]
SQL: SELECT COUNT(*) AS tp_count FROM `friend` WHERE ( gz_id=1 ) LIMIT 1   [ RunTime:0.001000s ]
SQL: SHOW COLUMNS FROM `reply` [ RunTime:0.004001s ]
SQL: SELECT COUNT(*) AS tp_count FROM `reply` WHERE ( `b_id` = 1 ) AND ( `type` = 1 ) LIMIT 1   [ RunTime:0.018001s ]
SQL: SHOW COLUMNS FROM `relative` [ RunTime:0.002000s ]
SQL: SELECT COUNT(*) AS tp_count FROM `relative` WHERE ( `xgr_id` = 1 ) AND ( `read` = 0 ) LIMIT 1   [ RunTime:0.016001s ]

[ 2016-02-28T18:46:41+08:00 ] 127.0.0.1 /bolg/server/public/wyj/index.php/Blog/getHotLists
INFO: [ route_check ] --START--
INFO: Run CheckRoute Behavior [ RunTime:0.002001s ]
INFO: [ route_check ] --END-- [ RunTime:0.002001s ]
INFO: [ app_begin ] --START--
INFO: Run ReadHtmlCache Behavior [ RunTime:0.001000s ]
INFO: [ app_begin ] --END-- [ RunTime:0.001000s ]
SQL: SHOW COLUMNS FROM `blog` [ RunTime:0.002000s ]
SQL: SHOW COLUMNS FROM `blog` [ RunTime:0.002000s ]
SQL: SELECT * FROM `blog` WHERE ( `time` >= '2016-02-28 06:46:41' ) ORDER BY scan desc LIMIT 0,3   [ RunTime:0.002000s ]

[ 2016-02-28T18:46:49+08:00 ] 127.0.0.1 /bolg/server/public/wyj/index.php/User/getMyFansLists
INFO: [ route_check ] --START--
INFO: Run CheckRoute Behavior [ RunTime:0.001000s ]
INFO: [ route_check ] --END-- [ RunTime:0.002000s ]
INFO: [ app_begin ] --START--
INFO: Run ReadHtmlCache Behavior [ RunTime:0.001000s ]
INFO: [ app_begin ] --END-- [ RunTime:0.002000s ]
NOTIC: [2048] Declaration of UserModel::add() should be compatible with Model::add($data = '', $options = Array, $replace = false) D:\wamp\www\bolg\server\public\wyj\Lib\Model\UserModel.class.php 第 2 行.
SQL: SHOW COLUMNS FROM `user` [ RunTime:0.006000s ]
SQL: SELECT id,name,icon,count,tags FROM `user` WHERE  id IN (SELECT gz_id FROM `friend` WHERE bgz_id =1) [ RunTime:0.049003s ]

[ 2016-02-28T18:46:51+08:00 ] 127.0.0.1 /bolg/server/public/wyj/index.php/User/index
INFO: [ route_check ] --START--
INFO: Run CheckRoute Behavior [ RunTime:0.001000s ]
INFO: [ route_check ] --END-- [ RunTime:0.002000s ]
INFO: [ app_begin ] --START--
INFO: Run ReadHtmlCache Behavior [ RunTime:0.001000s ]
INFO: [ app_begin ] --END-- [ RunTime:0.002000s ]
NOTIC: [2048] Declaration of UserModel::add() should be compatible with Model::add($data = '', $options = Array, $replace = false) D:\wamp\www\bolg\server\public\wyj\Lib\Model\UserModel.class.php 第 2 行.
SQL: SHOW COLUMNS FROM `user` [ RunTime:0.003000s ]
SQL: SHOW COLUMNS FROM `user` [ RunTime:0.004000s ]
SQL: SELECT `id`,`icon`,`weihao`,`name`,`count`,`scan`,`tags`,`time` FROM `user` WHERE ( id=3 )  [ RunTime:0.010001s ]
SQL: SHOW COLUMNS FROM `friend` [ RunTime:0.011001s ]
SQL: SELECT COUNT(*) AS tp_count FROM `friend` WHERE ( bgz_id=3 ) LIMIT 1   [ RunTime:0.008000s ]
SQL: SELECT COUNT(*) AS tp_count FROM `friend` WHERE ( gz_id=3 ) LIMIT 1   [ RunTime:0.001000s ]
SQL: SHOW COLUMNS FROM `reply` [ RunTime:0.004000s ]
SQL: SELECT COUNT(*) AS tp_count FROM `reply` WHERE ( `b_id` = 3 ) AND ( `type` = 1 ) LIMIT 1   [ RunTime:0.010000s ]
SQL: SHOW COLUMNS FROM `relative` [ RunTime:0.004000s ]
SQL: SELECT COUNT(*) AS tp_count FROM `relative` WHERE ( `xgr_id` = 3 ) AND ( `read` = 0 ) LIMIT 1   [ RunTime:0.000000s ]

[ 2016-02-28T18:46:51+08:00 ] 127.0.0.1 /bolg/server/public/wyj/index.php/User/updateScan
INFO: [ route_check ] --START--
INFO: Run CheckRoute Behavior [ RunTime:0.001000s ]
INFO: [ route_check ] --END-- [ RunTime:0.001000s ]
INFO: [ app_begin ] --START--
INFO: Run ReadHtmlCache Behavior [ RunTime:0.001000s ]
INFO: [ app_begin ] --END-- [ RunTime:0.001000s ]
NOTIC: [2048] Declaration of UserModel::add() should be compatible with Model::add($data = '', $options = Array, $replace = false) D:\wamp\www\bolg\server\public\wyj\Lib\Model\UserModel.class.php 第 2 行.
SQL: SHOW COLUMNS FROM `user` [ RunTime:0.003001s ]
SQL: SHOW COLUMNS FROM `user` [ RunTime:0.021001s ]
SQL: UPDATE `user` SET `scan`=scan+1 WHERE ( `id` = 3 ) [ RunTime:0.098006s ]

[ 2016-02-28T18:46:52+08:00 ] 127.0.0.1 /bolg/server/public/wyj/index.php/User/isGz
INFO: [ route_check ] --START--
INFO: Run CheckRoute Behavior [ RunTime:0.001000s ]
INFO: [ route_check ] --END-- [ RunTime:0.001000s ]
INFO: [ app_begin ] --START--
INFO: Run ReadHtmlCache Behavior [ RunTime:0.001000s ]
INFO: [ app_begin ] --END-- [ RunTime:0.002000s ]
NOTIC: [2048] Declaration of UserModel::add() should be compatible with Model::add($data = '', $options = Array, $replace = false) D:\wamp\www\bolg\server\public\wyj\Lib\Model\UserModel.class.php 第 2 行.
SQL: SHOW COLUMNS FROM `user` [ RunTime:0.002000s ]
SQL: SHOW COLUMNS FROM `friend` [ RunTime:0.002000s ]
SQL: SELECT * FROM `friend` WHERE ( `gz_id` = 1 ) AND ( `bgz_id` = 3 )  [ RunTime:0.001000s ]

[ 2016-02-28T18:47:09+08:00 ] 127.0.0.1 /bolg/server/public/wyj/index.php/User/getOneUser
INFO: [ route_check ] --START--
INFO: Run CheckRoute Behavior [ RunTime:0.001000s ]
INFO: [ route_check ] --END-- [ RunTime:0.001000s ]
INFO: [ app_begin ] --START--
INFO: Run ReadHtmlCache Behavior [ RunTime:0.001000s ]
INFO: [ app_begin ] --END-- [ RunTime:0.001000s ]
NOTIC: [2048] Declaration of UserModel::add() should be compatible with Model::add($data = '', $options = Array, $replace = false) D:\wamp\www\bolg\server\public\wyj\Lib\Model\UserModel.class.php 第 2 行.
SQL: SHOW COLUMNS FROM `user` [ RunTime:0.007000s ]
SQL: SHOW COLUMNS FROM `user` [ RunTime:0.002000s ]
SQL: SELECT `id`,`icon`,`weihao`,`name`,`count`,`scan`,`tags`,`time` FROM `user` WHERE ( id=1 )  [ RunTime:0.000000s ]

[ 2016-02-28T18:47:26+08:00 ] 127.0.0.1 /bolg/server/public/wyj/index.php/User/index
INFO: [ route_check ] --START--
INFO: Run CheckRoute Behavior [ RunTime:0.001001s ]
INFO: [ route_check ] --END-- [ RunTime:0.001001s ]
INFO: [ app_begin ] --START--
INFO: Run ReadHtmlCache Behavior [ RunTime:0.002000s ]
INFO: [ app_begin ] --END-- [ RunTime:0.002000s ]
NOTIC: [2048] Declaration of UserModel::add() should be compatible with Model::add($data = '', $options = Array, $replace = false) D:\wamp\www\bolg\server\public\wyj\Lib\Model\UserModel.class.php 第 2 行.
SQL: SHOW COLUMNS FROM `user` [ RunTime:0.003000s ]
SQL: SHOW COLUMNS FROM `user` [ RunTime:0.004000s ]
SQL: SELECT `id`,`icon`,`weihao`,`name`,`count`,`scan`,`tags`,`time` FROM `user` WHERE ( id=1 )  [ RunTime:0.004000s ]
SQL: SHOW COLUMNS FROM `friend` [ RunTime:0.003000s ]
SQL: SELECT COUNT(*) AS tp_count FROM `friend` WHERE ( bgz_id=1 ) LIMIT 1   [ RunTime:0.007000s ]
SQL: SELECT COUNT(*) AS tp_count FROM `friend` WHERE ( gz_id=1 ) LIMIT 1   [ RunTime:0.004001s ]
SQL: SHOW COLUMNS FROM `reply` [ RunTime:0.003000s ]
SQL: SELECT COUNT(*) AS tp_count FROM `reply` WHERE ( `b_id` = 1 ) AND ( `type` = 1 ) LIMIT 1   [ RunTime:0.003000s ]
SQL: SHOW COLUMNS FROM `relative` [ RunTime:0.015001s ]
SQL: SELECT COUNT(*) AS tp_count FROM `relative` WHERE ( `xgr_id` = 1 ) AND ( `read` = 0 ) LIMIT 1   [ RunTime:0.005000s ]

[ 2016-02-28T18:47:32+08:00 ] 127.0.0.1 /bolg/server/public/wyj/index.php/Blog/getHotLists
INFO: [ route_check ] --START--
INFO: Run CheckRoute Behavior [ RunTime:0.001000s ]
INFO: [ route_check ] --END-- [ RunTime:0.002000s ]
INFO: [ app_begin ] --START--
INFO: Run ReadHtmlCache Behavior [ RunTime:0.001000s ]
INFO: [ app_begin ] --END-- [ RunTime:0.001000s ]
SQL: SHOW COLUMNS FROM `blog` [ RunTime:0.003000s ]
SQL: SHOW COLUMNS FROM `blog` [ RunTime:0.002000s ]
SQL: SELECT * FROM `blog` WHERE ( `time` >= '2016-02-28 06:47:32' ) ORDER BY scan desc LIMIT 0,3   [ RunTime:0.001000s ]

[ 2016-02-28T18:59:41+08:00 ] 127.0.0.1 /bolg/server/public/wyj/index.php/User/getMyFansLists
INFO: [ route_check ] --START--
INFO: Run CheckRoute Behavior [ RunTime:0.002000s ]
INFO: [ route_check ] --END-- [ RunTime:0.002000s ]
INFO: [ app_begin ] --START--
INFO: Run ReadHtmlCache Behavior [ RunTime:0.001000s ]
INFO: [ app_begin ] --END-- [ RunTime:0.001000s ]
NOTIC: [2048] Declaration of UserModel::add() should be compatible with Model::add($data = '', $options = Array, $replace = false) D:\wamp\www\bolg\server\public\wyj\Lib\Model\UserModel.class.php 第 2 行.
SQL: SHOW COLUMNS FROM `user` [ RunTime:0.003000s ]
SQL: SELECT id,name,icon,count,tags FROM `user` WHERE  id IN (SELECT gz_id FROM `friend` WHERE bgz_id =1) [ RunTime:0.007000s ]

[ 2016-02-28T18:59:46+08:00 ] 127.0.0.1 /bolg/server/public/wyj/index.php/User/getOneUser
INFO: [ route_check ] --START--
INFO: Run CheckRoute Behavior [ RunTime:0.001000s ]
INFO: [ route_check ] --END-- [ RunTime:0.002000s ]
INFO: [ app_begin ] --START--
INFO: Run ReadHtmlCache Behavior [ RunTime:0.001000s ]
INFO: [ app_begin ] --END-- [ RunTime:0.002000s ]
NOTIC: [2048] Declaration of UserModel::add() should be compatible with Model::add($data = '', $options = Array, $replace = false) D:\wamp\www\bolg\server\public\wyj\Lib\Model\UserModel.class.php 第 2 行.
SQL: SHOW COLUMNS FROM `user` [ RunTime:0.003000s ]
SQL: SHOW COLUMNS FROM `user` [ RunTime:0.003000s ]
SQL: SELECT `id`,`icon`,`weihao`,`name`,`count`,`scan`,`tags`,`time` FROM `user` WHERE ( id=1 )  [ RunTime:0.000000s ]

[ 2016-02-28T18:59:46+08:00 ] 127.0.0.1 /bolg/server/public/wyj/index.php/Blog/getLeavewordList
INFO: [ route_check ] --START--
INFO: Run CheckRoute Behavior [ RunTime:0.001001s ]
INFO: [ route_check ] --END-- [ RunTime:0.002001s ]
INFO: [ app_begin ] --START--
INFO: Run ReadHtmlCache Behavior [ RunTime:0.001000s ]
INFO: [ app_begin ] --END-- [ RunTime:0.002000s ]
SQL: SHOW COLUMNS FROM `blog` [ RunTime:0.003000s ]
SQL: SHOW COLUMNS FROM `reply` [ RunTime:0.002000s ]
SQL: SELECT `author`,`content`,`time` FROM `reply` WHERE ( `b_id` = 1 ) AND ( `type` = 1 ) ORDER BY time desc LIMIT 0,6   [ RunTime:0.000000s ]
NOTIC: [2048] Declaration of UserModel::add() should be compatible with Model::add($data = '', $options = Array, $replace = false) D:\wamp\www\bolg\server\public\wyj\Lib\Model\UserModel.class.php 第 100 行.
SQL: SHOW COLUMNS FROM `user` [ RunTime:0.003001s ]
SQL: SHOW COLUMNS FROM `user` [ RunTime:0.004000s ]
SQL: SELECT `id`,`icon`,`weihao`,`name`,`count`,`scan`,`tags`,`time` FROM `user` WHERE ( id=3 )  [ RunTime:0.000000s ]
SQL: SELECT `id`,`icon`,`weihao`,`name`,`count`,`scan`,`tags`,`time` FROM `user` WHERE ( id=3 )  [ RunTime:0.000000s ]
SQL: SELECT `id`,`icon`,`weihao`,`name`,`count`,`scan`,`tags`,`time` FROM `user` WHERE ( id=3 )  [ RunTime:0.000000s ]
SQL: SELECT `id`,`icon`,`weihao`,`name`,`count`,`scan`,`tags`,`time` FROM `user` WHERE ( id=3 )  [ RunTime:0.000000s ]
SQL: SELECT `id`,`icon`,`weihao`,`name`,`count`,`scan`,`tags`,`time` FROM `user` WHERE ( id=3 )  [ RunTime:0.000000s ]
SQL: SELECT `id`,`icon`,`weihao`,`name`,`count`,`scan`,`tags`,`time` FROM `user` WHERE ( id=3 )  [ RunTime:0.000000s ]

[ 2016-02-28T18:59:48+08:00 ] 127.0.0.1 /bolg/server/public/wyj/index.php/Blog/getLeavewordList
INFO: [ route_check ] --START--
INFO: Run CheckRoute Behavior [ RunTime:0.001000s ]
INFO: [ route_check ] --END-- [ RunTime:0.001000s ]
INFO: [ app_begin ] --START--
INFO: Run ReadHtmlCache Behavior [ RunTime:0.001000s ]
INFO: [ app_begin ] --END-- [ RunTime:0.001000s ]
SQL: SHOW COLUMNS FROM `blog` [ RunTime:0.003000s ]
SQL: SHOW COLUMNS FROM `reply` [ RunTime:0.002000s ]
SQL: SELECT `author`,`content`,`time` FROM `reply` WHERE ( `b_id` = 1 ) AND ( `type` = 1 ) ORDER BY time desc LIMIT 6,6   [ RunTime:0.001000s ]
NOTIC: [2048] Declaration of UserModel::add() should be compatible with Model::add($data = '', $options = Array, $replace = false) D:\wamp\www\bolg\server\public\wyj\Lib\Model\UserModel.class.php 第 100 行.
SQL: SHOW COLUMNS FROM `user` [ RunTime:0.002000s ]
SQL: SHOW COLUMNS FROM `user` [ RunTime:0.002000s ]
SQL: SELECT `id`,`icon`,`weihao`,`name`,`count`,`scan`,`tags`,`time` FROM `user` WHERE ( id=3 )  [ RunTime:0.000000s ]
SQL: SELECT `id`,`icon`,`weihao`,`name`,`count`,`scan`,`tags`,`time` FROM `user` WHERE ( id=3 )  [ RunTime:0.000000s ]
SQL: SELECT `id`,`icon`,`weihao`,`name`,`count`,`scan`,`tags`,`time` FROM `user` WHERE ( id=3 )  [ RunTime:0.001000s ]
SQL: SELECT `id`,`icon`,`weihao`,`name`,`count`,`scan`,`tags`,`time` FROM `user` WHERE ( id=3 )  [ RunTime:0.000000s ]
SQL: SELECT `id`,`icon`,`weihao`,`name`,`count`,`scan`,`tags`,`time` FROM `user` WHERE ( id=1 )  [ RunTime:0.000000s ]
SQL: SELECT `id`,`icon`,`weihao`,`name`,`count`,`scan`,`tags`,`time` FROM `user` WHERE ( id=1 )  [ RunTime:0.000000s ]

[ 2016-02-28T18:59:50+08:00 ] 127.0.0.1 /bolg/server/public/wyj/index.php/Blog/getLeavewordList
INFO: [ route_check ] --START--
INFO: Run CheckRoute Behavior [ RunTime:0.001000s ]
INFO: [ route_check ] --END-- [ RunTime:0.001000s ]
INFO: [ app_begin ] --START--
INFO: Run ReadHtmlCache Behavior [ RunTime:0.001000s ]
INFO: [ app_begin ] --END-- [ RunTime:0.001000s ]
SQL: SHOW COLUMNS FROM `blog` [ RunTime:0.002000s ]
SQL: SHOW COLUMNS FROM `reply` [ RunTime:0.002000s ]
SQL: SELECT `author`,`content`,`time` FROM `reply` WHERE ( `b_id` = 1 ) AND ( `type` = 1 ) ORDER BY time desc LIMIT 12,6   [ RunTime:0.000000s ]
NOTIC: [2048] Declaration of UserModel::add() should be compatible with Model::add($data = '', $options = Array, $replace = false) D:\wamp\www\bolg\server\public\wyj\Lib\Model\UserModel.class.php 第 100 行.
SQL: SHOW COLUMNS FROM `user` [ RunTime:0.002000s ]
SQL: SHOW COLUMNS FROM `user` [ RunTime:0.005000s ]
SQL: SELECT `id`,`icon`,`weihao`,`name`,`count`,`scan`,`tags`,`time` FROM `user` WHERE ( id=1 )  [ RunTime:0.002000s ]
SQL: SELECT `id`,`icon`,`weihao`,`name`,`count`,`scan`,`tags`,`time` FROM `user` WHERE ( id=2 )  [ RunTime:0.001001s ]

[ 2016-02-28T18:59:52+08:00 ] 127.0.0.1 /bolg/server/public/wyj/index.php/Blog/getLeavewordList
INFO: [ route_check ] --START--
INFO: Run CheckRoute Behavior [ RunTime:0.001000s ]
INFO: [ route_check ] --END-- [ RunTime:0.002000s ]
INFO: [ app_begin ] --START--
INFO: Run ReadHtmlCache Behavior [ RunTime:0.001000s ]
INFO: [ app_begin ] --END-- [ RunTime:0.001000s ]
SQL: SHOW COLUMNS FROM `blog` [ RunTime:0.002000s ]
SQL: SHOW COLUMNS FROM `reply` [ RunTime:0.002000s ]
SQL: SELECT `author`,`content`,`time` FROM `reply` WHERE ( `b_id` = 1 ) AND ( `type` = 1 ) ORDER BY time desc LIMIT 18,6   [ RunTime:0.000000s ]
NOTIC: [2048] Declaration of UserModel::add() should be compatible with Model::add($data = '', $options = Array, $replace = false) D:\wamp\www\bolg\server\public\wyj\Lib\Model\UserModel.class.php 第 100 行.
SQL: SHOW COLUMNS FROM `user` [ RunTime:0.002000s ]
NOTIC: [8] Undefined variable: result D:\wamp\www\bolg\server\public\wyj\Lib\Model\BlogModel.class.php 第 43 行.

